2018-12-13 07:38:05,195 [Worker-20] INFO  o.e.m.c.i.p.ProjectConfigurationManager - Collecting project info '/pom.xml' C:\Users\USER\Desktop\Emirates\Emirates-Automated-Tests\pom.xml
2018-12-13 07:38:09,449 [Worker-20] INFO  o.e.m.c.i.l.LifecycleMappingFactory - Using org.eclipse.m2e.jdt.JarLifecycleMapping lifecycle mapping for MavenProject: com.emirates:Emirates-Automated-Tests:0.0.1-SNAPSHOT @ C:\Users\USER\Desktop\Emirates\Emirates-Automated-Tests\pom.xml.
2018-12-13 07:38:11,385 [Worker-20] INFO  o.e.m.j.i.AbstractJavaProjectConfigurator - Adding source folder /Emirates-Automated-Tests/src/main/java
2018-12-13 07:38:11,409 [Worker-20] INFO  o.e.m.j.i.AbstractJavaProjectConfigurator - Adding source folder /Emirates-Automated-Tests/src/test/java
2018-12-13 07:38:12,791 [Worker-20] INFO  o.e.m.c.i.p.ProjectConfigurationManager - Imported and configured 1 project(s) in 7 sec
2018-12-13 07:38:13,877 [Worker-23] INFO  o.e.m.c.i.embedder.EclipseLogger - Using 'UTF-8' encoding to copy filtered resources.
2018-12-13 07:38:13,877 [Worker-23] INFO  o.e.m.c.i.embedder.EclipseLogger - skip non existing resourceDirectory C:\Users\USER\Desktop\Emirates\Emirates-Automated-Tests\src\main\resources
2018-12-13 07:38:13,881 [Worker-23] INFO  o.e.m.c.i.embedder.EclipseLogger - Using 'UTF-8' encoding to copy filtered resources.
2018-12-13 07:38:13,881 [Worker-23] INFO  o.e.m.c.i.embedder.EclipseLogger - skip non existing resourceDirectory C:\Users\USER\Desktop\Emirates\Emirates-Automated-Tests\src\test\resources
2018-12-13 07:39:00,834 [Worker-20] INFO  o.e.m.c.i.l.LifecycleMappingFactory - Using org.eclipse.m2e.jdt.JarLifecycleMapping lifecycle mapping for MavenProject: com.emirates:Emirates-Automated-Tests:0.0.1-SNAPSHOT @ C:\Users\USER\Desktop\Emirates\Emirates-Automated-Tests\pom.xml.
2018-12-13 07:39:01,178 [Worker-20] INFO  o.e.m.c.i.embedder.EclipseLogger - Using 'UTF-8' encoding to copy filtered resources.
2018-12-13 07:39:01,179 [Worker-20] INFO  o.e.m.c.i.embedder.EclipseLogger - skip non existing resourceDirectory C:\Users\USER\Desktop\Emirates\Emirates-Automated-Tests\src\main\resources
2018-12-13 07:39:01,182 [Worker-20] INFO  o.e.m.c.i.embedder.EclipseLogger - Using 'UTF-8' encoding to copy filtered resources.
2018-12-13 07:39:01,183 [Worker-20] INFO  o.e.m.c.i.embedder.EclipseLogger - skip non existing resourceDirectory C:\Users\USER\Desktop\Emirates\Emirates-Automated-Tests\src\test\resources
2018-12-13 07:39:28,375 [Worker-21] INFO  o.e.m.c.i.l.LifecycleMappingFactory - Using org.eclipse.m2e.jdt.JarLifecycleMapping lifecycle mapping for MavenProject: com.emirates:Emirates-Automated-Tests:0.0.1-SNAPSHOT @ C:\Users\USER\Desktop\Emirates\Emirates-Automated-Tests\pom.xml.
2018-12-13 07:39:28,559 [Worker-21] INFO  o.e.m.c.i.embedder.EclipseLogger - Using 'UTF-8' encoding to copy filtered resources.
2018-12-13 07:39:28,559 [Worker-21] INFO  o.e.m.c.i.embedder.EclipseLogger - skip non existing resourceDirectory C:\Users\USER\Desktop\Emirates\Emirates-Automated-Tests\src\main\resources
2018-12-13 07:39:28,562 [Worker-21] INFO  o.e.m.c.i.embedder.EclipseLogger - Using 'UTF-8' encoding to copy filtered resources.
2018-12-13 07:39:28,562 [Worker-21] INFO  o.e.m.c.i.embedder.EclipseLogger - skip non existing resourceDirectory C:\Users\USER\Desktop\Emirates\Emirates-Automated-Tests\src\test\resources
2018-12-13 07:40:28,806 [Worker-25] INFO  o.e.m.c.i.l.LifecycleMappingFactory - Using org.eclipse.m2e.jdt.JarLifecycleMapping lifecycle mapping for MavenProject: com.emirates:Emirates-Automated-Tests:0.0.1-SNAPSHOT @ C:\Users\USER\Desktop\Emirates\Emirates-Automated-Tests\pom.xml.
2018-12-13 07:40:29,327 [Worker-24] INFO  o.e.m.c.i.e.AbstractTransferListenerAdapter - Downloading https://repo.maven.apache.org/maven2/org/projectlombok/lombok/1.16.10/lombok-1.16.10.jar
2018-12-13 07:40:29,647 [Worker-25] INFO  o.e.m.c.i.e.AbstractTransferListenerAdapter - Downloading https://repo.maven.apache.org/maven2/org/projectlombok/lombok/1.16.10/lombok-1.16.10.jar
2018-12-13 07:40:31,433 [Worker-24] INFO  o.e.m.c.i.e.AbstractTransferListenerAdapter - Downloaded https://repo.maven.apache.org/maven2/org/projectlombok/lombok/1.16.10/lombok-1.16.10.jar
2018-12-13 07:40:32,368 [Worker-25] INFO  o.e.m.c.i.e.AbstractTransferListenerAdapter - Downloaded https://repo.maven.apache.org/maven2/org/projectlombok/lombok/1.16.10/lombok-1.16.10.jar
2018-12-13 07:40:32,773 [Worker-25] INFO  o.e.m.c.i.embedder.EclipseLogger - Using 'UTF-8' encoding to copy filtered resources.
2018-12-13 07:40:32,774 [Worker-25] INFO  o.e.m.c.i.embedder.EclipseLogger - skip non existing resourceDirectory C:\Users\USER\Desktop\Emirates\Emirates-Automated-Tests\src\main\resources
2018-12-13 07:40:32,777 [Worker-25] INFO  o.e.m.c.i.embedder.EclipseLogger - Using 'UTF-8' encoding to copy filtered resources.
2018-12-13 07:40:32,777 [Worker-25] INFO  o.e.m.c.i.embedder.EclipseLogger - skip non existing resourceDirectory C:\Users\USER\Desktop\Emirates\Emirates-Automated-Tests\src\test\resources
2018-12-13 07:40:34,184 [Worker-21] INFO  o.e.m.c.i.embedder.EclipseLogger - Using 'UTF-8' encoding to copy filtered resources.
2018-12-13 07:40:34,184 [Worker-21] INFO  o.e.m.c.i.embedder.EclipseLogger - skip non existing resourceDirectory C:\Users\USER\Desktop\Emirates\Emirates-Automated-Tests\src\main\resources
2018-12-13 07:40:34,185 [Worker-21] INFO  o.e.m.c.i.embedder.EclipseLogger - Using 'UTF-8' encoding to copy filtered resources.
2018-12-13 07:40:34,185 [Worker-21] INFO  o.e.m.c.i.embedder.EclipseLogger - skip non existing resourceDirectory C:\Users\USER\Desktop\Emirates\Emirates-Automated-Tests\src\test\resources
2018-12-13 07:46:23,313 [Worker-27] INFO  o.e.m.c.i.l.LifecycleMappingFactory - Using org.eclipse.m2e.jdt.JarLifecycleMapping lifecycle mapping for MavenProject: com.emirates:Emirates-Automated-Tests:0.0.1-SNAPSHOT @ C:\Users\USER\Desktop\Emirates\Emirates-Automated-Tests\pom.xml.
2018-12-13 07:46:24,277 [Worker-27] INFO  o.e.m.c.i.embedder.EclipseLogger - Using 'UTF-8' encoding to copy filtered resources.
2018-12-13 07:46:24,278 [Worker-27] INFO  o.e.m.c.i.embedder.EclipseLogger - skip non existing resourceDirectory C:\Users\USER\Desktop\Emirates\Emirates-Automated-Tests\src\main\resources
2018-12-13 07:46:24,280 [Worker-27] INFO  o.e.m.c.i.embedder.EclipseLogger - Using 'UTF-8' encoding to copy filtered resources.
2018-12-13 07:46:24,280 [Worker-27] INFO  o.e.m.c.i.embedder.EclipseLogger - skip non existing resourceDirectory C:\Users\USER\Desktop\Emirates\Emirates-Automated-Tests\src\test\resources
2018-12-13 07:46:25,887 [Worker-35] INFO  o.e.m.c.i.embedder.EclipseLogger - Using 'UTF-8' encoding to copy filtered resources.
2018-12-13 07:46:25,888 [Worker-35] INFO  o.e.m.c.i.embedder.EclipseLogger - skip non existing resourceDirectory C:\Users\USER\Desktop\Emirates\Emirates-Automated-Tests\src\main\resources
2018-12-13 07:46:25,890 [Worker-35] INFO  o.e.m.c.i.embedder.EclipseLogger - Using 'UTF-8' encoding to copy filtered resources.
2018-12-13 07:46:25,890 [Worker-35] INFO  o.e.m.c.i.embedder.EclipseLogger - skip non existing resourceDirectory C:\Users\USER\Desktop\Emirates\Emirates-Automated-Tests\src\test\resources
2018-12-13 07:57:27,703 [Worker-38] INFO  o.e.m.c.i.embedder.EclipseLogger - Using 'UTF-8' encoding to copy filtered resources.
2018-12-13 07:57:27,703 [Worker-38] INFO  o.e.m.c.i.embedder.EclipseLogger - skip non existing resourceDirectory C:\Users\USER\Desktop\Emirates\Emirates-Automated-Tests\src\main\resources
2018-12-13 07:57:27,706 [Worker-38] INFO  o.e.m.c.i.embedder.EclipseLogger - Using 'UTF-8' encoding to copy filtered resources.
2018-12-13 07:57:27,706 [Worker-38] INFO  o.e.m.c.i.embedder.EclipseLogger - skip non existing resourceDirectory C:\Users\USER\Desktop\Emirates\Emirates-Automated-Tests\src\test\resources
2018-12-13 07:57:36,592 [Worker-42] INFO  o.e.m.c.i.embedder.EclipseLogger - Using 'UTF-8' encoding to copy filtered resources.
2018-12-13 07:57:36,592 [Worker-42] INFO  o.e.m.c.i.embedder.EclipseLogger - skip non existing resourceDirectory C:\Users\USER\Desktop\Emirates\Emirates-Automated-Tests\src\main\resources
2018-12-13 07:57:36,594 [Worker-42] INFO  o.e.m.c.i.embedder.EclipseLogger - Using 'UTF-8' encoding to copy filtered resources.
2018-12-13 07:57:36,594 [Worker-42] INFO  o.e.m.c.i.embedder.EclipseLogger - skip non existing resourceDirectory C:\Users\USER\Desktop\Emirates\Emirates-Automated-Tests\src\test\resources
2018-12-13 07:58:06,730 [Worker-42] INFO  o.e.m.c.i.embedder.EclipseLogger - Using 'UTF-8' encoding to copy filtered resources.
2018-12-13 07:58:06,730 [Worker-42] INFO  o.e.m.c.i.embedder.EclipseLogger - skip non existing resourceDirectory C:\Users\USER\Desktop\Emirates\Emirates-Automated-Tests\src\main\resources
2018-12-13 07:58:06,733 [Worker-42] INFO  o.e.m.c.i.embedder.EclipseLogger - Using 'UTF-8' encoding to copy filtered resources.
2018-12-13 07:58:06,734 [Worker-42] INFO  o.e.m.c.i.embedder.EclipseLogger - skip non existing resourceDirectory C:\Users\USER\Desktop\Emirates\Emirates-Automated-Tests\src\test\resources
2018-12-13 07:58:15,232 [Worker-39] INFO  o.e.m.c.i.embedder.EclipseLogger - Using 'UTF-8' encoding to copy filtered resources.
2018-12-13 07:58:15,232 [Worker-39] INFO  o.e.m.c.i.embedder.EclipseLogger - skip non existing resourceDirectory C:\Users\USER\Desktop\Emirates\Emirates-Automated-Tests\src\main\resources
2018-12-13 07:58:15,234 [Worker-39] INFO  o.e.m.c.i.embedder.EclipseLogger - Using 'UTF-8' encoding to copy filtered resources.
2018-12-13 07:58:15,234 [Worker-39] INFO  o.e.m.c.i.embedder.EclipseLogger - skip non existing resourceDirectory C:\Users\USER\Desktop\Emirates\Emirates-Automated-Tests\src\test\resources
2018-12-13 08:11:56,779 [Worker-45] INFO  o.e.m.c.i.embedder.EclipseLogger - Using 'UTF-8' encoding to copy filtered resources.
2018-12-13 08:11:56,780 [Worker-45] INFO  o.e.m.c.i.embedder.EclipseLogger - skip non existing resourceDirectory C:\Users\USER\Desktop\Emirates\Emirates-Automated-Tests\src\main\resources
2018-12-13 08:11:56,781 [Worker-45] INFO  o.e.m.c.i.embedder.EclipseLogger - Using 'UTF-8' encoding to copy filtered resources.
2018-12-13 08:11:56,781 [Worker-45] INFO  o.e.m.c.i.embedder.EclipseLogger - skip non existing resourceDirectory C:\Users\USER\Desktop\Emirates\Emirates-Automated-Tests\src\test\resources
2018-12-13 08:11:59,509 [Worker-45] INFO  o.e.m.c.i.embedder.EclipseLogger - Using 'UTF-8' encoding to copy filtered resources.
2018-12-13 08:11:59,510 [Worker-45] INFO  o.e.m.c.i.embedder.EclipseLogger - skip non existing resourceDirectory C:\Users\USER\Desktop\Emirates\Emirates-Automated-Tests\src\main\resources
2018-12-13 08:11:59,513 [Worker-45] INFO  o.e.m.c.i.embedder.EclipseLogger - Using 'UTF-8' encoding to copy filtered resources.
2018-12-13 08:11:59,513 [Worker-45] INFO  o.e.m.c.i.embedder.EclipseLogger - skip non existing resourceDirectory C:\Users\USER\Desktop\Emirates\Emirates-Automated-Tests\src\test\resources
2018-12-13 08:12:22,925 [Worker-44] INFO  o.e.m.c.i.embedder.EclipseLogger - Using 'UTF-8' encoding to copy filtered resources.
2018-12-13 08:12:22,925 [Worker-44] INFO  o.e.m.c.i.embedder.EclipseLogger - skip non existing resourceDirectory C:\Users\USER\Desktop\Emirates\Emirates-Automated-Tests\src\main\resources
2018-12-13 08:12:22,926 [Worker-44] INFO  o.e.m.c.i.embedder.EclipseLogger - Using 'UTF-8' encoding to copy filtered resources.
2018-12-13 08:12:22,927 [Worker-44] INFO  o.e.m.c.i.embedder.EclipseLogger - skip non existing resourceDirectory C:\Users\USER\Desktop\Emirates\Emirates-Automated-Tests\src\test\resources
2018-12-13 08:14:27,734 [Worker-47] INFO  o.e.m.c.i.embedder.EclipseLogger - Using 'UTF-8' encoding to copy filtered resources.
2018-12-13 08:14:27,734 [Worker-47] INFO  o.e.m.c.i.embedder.EclipseLogger - skip non existing resourceDirectory C:\Users\USER\Desktop\Emirates\Emirates-Automated-Tests\src\main\resources
2018-12-13 08:14:27,737 [Worker-47] INFO  o.e.m.c.i.embedder.EclipseLogger - Using 'UTF-8' encoding to copy filtered resources.
2018-12-13 08:14:27,737 [Worker-47] INFO  o.e.m.c.i.embedder.EclipseLogger - skip non existing resourceDirectory C:\Users\USER\Desktop\Emirates\Emirates-Automated-Tests\src\test\resources
2018-12-13 08:14:49,665 [Worker-44] INFO  o.e.m.c.i.embedder.EclipseLogger - Using 'UTF-8' encoding to copy filtered resources.
2018-12-13 08:14:49,665 [Worker-44] INFO  o.e.m.c.i.embedder.EclipseLogger - skip non existing resourceDirectory C:\Users\USER\Desktop\Emirates\Emirates-Automated-Tests\src\main\resources
2018-12-13 08:14:49,667 [Worker-44] INFO  o.e.m.c.i.embedder.EclipseLogger - Using 'UTF-8' encoding to copy filtered resources.
2018-12-13 08:14:49,667 [Worker-44] INFO  o.e.m.c.i.embedder.EclipseLogger - skip non existing resourceDirectory C:\Users\USER\Desktop\Emirates\Emirates-Automated-Tests\src\test\resources
2018-12-13 08:18:22,671 [Worker-47] INFO  o.e.m.c.i.embedder.EclipseLogger - Using 'UTF-8' encoding to copy filtered resources.
2018-12-13 08:18:22,671 [Worker-47] INFO  o.e.m.c.i.embedder.EclipseLogger - skip non existing resourceDirectory C:\Users\USER\Desktop\Emirates\Emirates-Automated-Tests\src\main\resources
2018-12-13 08:18:22,673 [Worker-47] INFO  o.e.m.c.i.embedder.EclipseLogger - Using 'UTF-8' encoding to copy filtered resources.
2018-12-13 08:18:22,673 [Worker-47] INFO  o.e.m.c.i.embedder.EclipseLogger - skip non existing resourceDirectory C:\Users\USER\Desktop\Emirates\Emirates-Automated-Tests\src\test\resources
2018-12-13 08:18:39,546 [Worker-47] INFO  o.e.m.c.i.embedder.EclipseLogger - Using 'UTF-8' encoding to copy filtered resources.
2018-12-13 08:18:39,546 [Worker-47] INFO  o.e.m.c.i.embedder.EclipseLogger - skip non existing resourceDirectory C:\Users\USER\Desktop\Emirates\Emirates-Automated-Tests\src\main\resources
2018-12-13 08:18:39,549 [Worker-47] INFO  o.e.m.c.i.embedder.EclipseLogger - Using 'UTF-8' encoding to copy filtered resources.
2018-12-13 08:18:39,549 [Worker-47] INFO  o.e.m.c.i.embedder.EclipseLogger - skip non existing resourceDirectory C:\Users\USER\Desktop\Emirates\Emirates-Automated-Tests\src\test\resources
2018-12-13 08:22:17,373 [Worker-51] INFO  o.e.m.c.i.embedder.EclipseLogger - Using 'UTF-8' encoding to copy filtered resources.
2018-12-13 08:22:17,373 [Worker-51] INFO  o.e.m.c.i.embedder.EclipseLogger - skip non existing resourceDirectory C:\Users\USER\Desktop\Emirates\Emirates-Automated-Tests\src\main\resources
2018-12-13 08:22:17,391 [Worker-51] INFO  o.e.m.c.i.embedder.EclipseLogger - Using 'UTF-8' encoding to copy filtered resources.
2018-12-13 08:22:17,392 [Worker-51] INFO  o.e.m.c.i.embedder.EclipseLogger - skip non existing resourceDirectory C:\Users\USER\Desktop\Emirates\Emirates-Automated-Tests\src\test\resources
2018-12-13 08:23:02,118 [Worker-45] INFO  o.e.m.c.i.embedder.EclipseLogger - Using 'UTF-8' encoding to copy filtered resources.
2018-12-13 08:23:02,304 [Worker-45] INFO  o.e.m.c.i.embedder.EclipseLogger - Copying 0 resource
2018-12-13 08:23:02,306 [Worker-45] INFO  o.e.m.c.i.embedder.EclipseLogger - Using 'UTF-8' encoding to copy filtered resources.
2018-12-13 08:23:02,306 [Worker-45] INFO  o.e.m.c.i.embedder.EclipseLogger - skip non existing resourceDirectory C:\Users\USER\Desktop\Emirates\Emirates-Automated-Tests\src\test\resources
2018-12-13 08:23:46,314 [Worker-44] INFO  o.e.m.c.i.embedder.EclipseLogger - Using 'UTF-8' encoding to copy filtered resources.
2018-12-13 08:23:46,315 [Worker-44] INFO  o.e.m.c.i.embedder.EclipseLogger - Copying 0 resource
2018-12-13 08:23:46,317 [Worker-44] INFO  o.e.m.c.i.embedder.EclipseLogger - Using 'UTF-8' encoding to copy filtered resources.
2018-12-13 08:23:46,318 [Worker-44] INFO  o.e.m.c.i.embedder.EclipseLogger - Copying 0 resource
2018-12-13 08:26:14,504 [Worker-54] INFO  o.e.m.c.i.embedder.EclipseLogger - Using 'UTF-8' encoding to copy filtered resources.
2018-12-13 08:26:14,504 [Worker-54] INFO  o.e.m.c.i.embedder.EclipseLogger - Copying 0 resource
2018-12-13 08:26:14,505 [Worker-54] INFO  o.e.m.c.i.embedder.EclipseLogger - Using 'UTF-8' encoding to copy filtered resources.
2018-12-13 08:26:14,508 [Worker-54] INFO  o.e.m.c.i.embedder.EclipseLogger - Copying 0 resource
2018-12-13 08:27:14,511 [Worker-57] INFO  o.e.m.c.i.embedder.EclipseLogger - Using 'UTF-8' encoding to copy filtered resources.
2018-12-13 08:27:14,512 [Worker-57] INFO  o.e.m.c.i.embedder.EclipseLogger - Copying 0 resource
2018-12-13 08:27:14,514 [Worker-57] INFO  o.e.m.c.i.embedder.EclipseLogger - Using 'UTF-8' encoding to copy filtered resources.
2018-12-13 08:27:14,514 [Worker-57] INFO  o.e.m.c.i.embedder.EclipseLogger - Copying 0 resource
2018-12-13 08:27:19,073 [Worker-55] INFO  o.e.m.c.i.embedder.EclipseLogger - Using 'UTF-8' encoding to copy filtered resources.
2018-12-13 08:27:19,073 [Worker-55] INFO  o.e.m.c.i.embedder.EclipseLogger - Copying 0 resource
2018-12-13 08:27:19,074 [Worker-55] INFO  o.e.m.c.i.embedder.EclipseLogger - Using 'UTF-8' encoding to copy filtered resources.
2018-12-13 08:27:19,075 [Worker-55] INFO  o.e.m.c.i.embedder.EclipseLogger - Copying 0 resource
2018-12-13 08:27:34,113 [Worker-55] INFO  o.e.m.c.i.embedder.EclipseLogger - Using 'UTF-8' encoding to copy filtered resources.
2018-12-13 08:27:34,114 [Worker-55] INFO  o.e.m.c.i.embedder.EclipseLogger - Copying 0 resource
2018-12-13 08:27:34,115 [Worker-55] INFO  o.e.m.c.i.embedder.EclipseLogger - Using 'UTF-8' encoding to copy filtered resources.
2018-12-13 08:27:34,116 [Worker-55] INFO  o.e.m.c.i.embedder.EclipseLogger - Copying 0 resource
2018-12-13 08:27:55,361 [Worker-54] INFO  o.e.m.c.i.embedder.EclipseLogger - Using 'UTF-8' encoding to copy filtered resources.
2018-12-13 08:27:55,361 [Worker-54] INFO  o.e.m.c.i.embedder.EclipseLogger - Copying 0 resource
2018-12-13 08:27:55,362 [Worker-54] INFO  o.e.m.c.i.embedder.EclipseLogger - Using 'UTF-8' encoding to copy filtered resources.
2018-12-13 08:27:55,363 [Worker-54] INFO  o.e.m.c.i.embedder.EclipseLogger - Copying 0 resource
2018-12-13 08:28:11,913 [Worker-58] INFO  o.e.m.c.i.embedder.EclipseLogger - Using 'UTF-8' encoding to copy filtered resources.
2018-12-13 08:28:11,913 [Worker-58] INFO  o.e.m.c.i.embedder.EclipseLogger - Copying 0 resource
2018-12-13 08:28:11,915 [Worker-58] INFO  o.e.m.c.i.embedder.EclipseLogger - Using 'UTF-8' encoding to copy filtered resources.
2018-12-13 08:28:11,916 [Worker-58] INFO  o.e.m.c.i.embedder.EclipseLogger - Copying 0 resource
2018-12-13 08:29:29,521 [Worker-58] INFO  o.e.m.c.i.embedder.EclipseLogger - Using 'UTF-8' encoding to copy filtered resources.
2018-12-13 08:29:29,522 [Worker-58] INFO  o.e.m.c.i.embedder.EclipseLogger - Copying 0 resource
2018-12-13 08:29:29,524 [Worker-58] INFO  o.e.m.c.i.embedder.EclipseLogger - Using 'UTF-8' encoding to copy filtered resources.
2018-12-13 08:29:29,525 [Worker-58] INFO  o.e.m.c.i.embedder.EclipseLogger - Copying 0 resource
2018-12-13 08:34:39,834 [Worker-59] INFO  o.e.m.c.i.embedder.EclipseLogger - Using 'UTF-8' encoding to copy filtered resources.
2018-12-13 08:34:39,838 [Worker-59] INFO  o.e.m.c.i.embedder.EclipseLogger - Copying 0 resource
2018-12-13 08:34:39,842 [Worker-59] INFO  o.e.m.c.i.embedder.EclipseLogger - Using 'UTF-8' encoding to copy filtered resources.
2018-12-13 08:34:39,857 [Worker-59] INFO  o.e.m.c.i.embedder.EclipseLogger - Copying 0 resource
2018-12-13 08:35:00,542 [Worker-59] INFO  o.e.m.c.i.embedder.EclipseLogger - Using 'UTF-8' encoding to copy filtered resources.
2018-12-13 08:35:00,543 [Worker-59] INFO  o.e.m.c.i.embedder.EclipseLogger - Copying 0 resource
2018-12-13 08:35:00,544 [Worker-59] INFO  o.e.m.c.i.embedder.EclipseLogger - Using 'UTF-8' encoding to copy filtered resources.
2018-12-13 08:35:00,544 [Worker-59] INFO  o.e.m.c.i.embedder.EclipseLogger - Copying 0 resource
2018-12-13 08:35:49,008 [Worker-61] INFO  o.e.m.c.i.embedder.EclipseLogger - Using 'UTF-8' encoding to copy filtered resources.
2018-12-13 08:35:49,009 [Worker-61] INFO  o.e.m.c.i.embedder.EclipseLogger - Copying 0 resource
2018-12-13 08:35:49,011 [Worker-61] INFO  o.e.m.c.i.embedder.EclipseLogger - Using 'UTF-8' encoding to copy filtered resources.
2018-12-13 08:35:49,012 [Worker-61] INFO  o.e.m.c.i.embedder.EclipseLogger - Copying 1 resource
2018-12-13 08:42:09,153 [Worker-64] INFO  o.e.m.c.i.embedder.EclipseLogger - Using 'UTF-8' encoding to copy filtered resources.
2018-12-13 08:42:09,155 [Worker-64] INFO  o.e.m.c.i.embedder.EclipseLogger - Copying 0 resource
2018-12-13 08:42:09,174 [Worker-64] INFO  o.e.m.c.i.embedder.EclipseLogger - Using 'UTF-8' encoding to copy filtered resources.
2018-12-13 08:42:09,175 [Worker-64] INFO  o.e.m.c.i.embedder.EclipseLogger - Copying 1 resource
2018-12-13 08:43:02,728 [Worker-63] INFO  o.e.m.c.i.embedder.EclipseLogger - Using 'UTF-8' encoding to copy filtered resources.
2018-12-13 08:43:02,729 [Worker-63] INFO  o.e.m.c.i.embedder.EclipseLogger - Copying 0 resource
2018-12-13 08:43:02,732 [Worker-63] INFO  o.e.m.c.i.embedder.EclipseLogger - Using 'UTF-8' encoding to copy filtered resources.
2018-12-13 08:43:02,733 [Worker-63] INFO  o.e.m.c.i.embedder.EclipseLogger - Copying 1 resource
2018-12-13 08:43:30,869 [Worker-68] INFO  o.e.m.c.i.embedder.EclipseLogger - Using 'UTF-8' encoding to copy filtered resources.
2018-12-13 08:43:30,870 [Worker-68] INFO  o.e.m.c.i.embedder.EclipseLogger - Copying 0 resource
2018-12-13 08:43:30,872 [Worker-68] INFO  o.e.m.c.i.embedder.EclipseLogger - Using 'UTF-8' encoding to copy filtered resources.
2018-12-13 08:43:30,874 [Worker-68] INFO  o.e.m.c.i.embedder.EclipseLogger - Copying 1 resource
2018-12-13 08:44:32,352 [Worker-68] INFO  o.e.m.c.i.embedder.EclipseLogger - Using 'UTF-8' encoding to copy filtered resources.
2018-12-13 08:44:32,353 [Worker-68] INFO  o.e.m.c.i.embedder.EclipseLogger - Copying 0 resource
2018-12-13 08:44:32,354 [Worker-68] INFO  o.e.m.c.i.embedder.EclipseLogger - Using 'UTF-8' encoding to copy filtered resources.
2018-12-13 08:44:32,355 [Worker-68] INFO  o.e.m.c.i.embedder.EclipseLogger - Copying 1 resource
2018-12-13 08:48:23,911 [Worker-72] INFO  o.e.m.c.i.l.LifecycleMappingFactory - Using org.eclipse.m2e.jdt.JarLifecycleMapping lifecycle mapping for MavenProject: com.emirates:Emirates-Automated-Tests:0.0.1-SNAPSHOT @ C:\Users\USER\Desktop\Emirates\Emirates-Automated-Tests\pom.xml.
2018-12-13 08:48:25,340 [Worker-72] INFO  o.e.m.c.i.e.AbstractTransferListenerAdapter - Downloading https://repo.maven.apache.org/maven2/org/testng/testng/6.14.3/testng-6.14.3.pom
2018-12-13 08:48:25,753 [Worker-72] INFO  o.e.m.c.i.e.AbstractTransferListenerAdapter - Downloaded https://repo.maven.apache.org/maven2/org/testng/testng/6.14.3/testng-6.14.3.pom
2018-12-13 08:48:26,116 [Worker-72] INFO  o.e.m.c.i.e.AbstractTransferListenerAdapter - Downloading https://repo.maven.apache.org/maven2/com/beust/jcommander/1.72/jcommander-1.72.pom
2018-12-13 08:48:26,812 [Worker-72] INFO  o.e.m.c.i.e.AbstractTransferListenerAdapter - Downloaded https://repo.maven.apache.org/maven2/com/beust/jcommander/1.72/jcommander-1.72.pom
2018-12-13 08:48:27,114 [Worker-72] INFO  o.e.m.c.i.e.AbstractTransferListenerAdapter - Downloading https://repo.maven.apache.org/maven2/org/apache-extras/beanshell/bsh/2.0b6/bsh-2.0b6.pom
2018-12-13 08:48:27,264 [Worker-72] INFO  o.e.m.c.i.e.AbstractTransferListenerAdapter - Downloaded https://repo.maven.apache.org/maven2/org/apache-extras/beanshell/bsh/2.0b6/bsh-2.0b6.pom
2018-12-13 08:48:28,644 [Worker-72] INFO  o.e.m.c.i.e.AbstractTransferListenerAdapter - Downloading https://repo.maven.apache.org/maven2/org/testng/testng/6.14.3/testng-6.14.3.jar
2018-12-13 08:48:32,903 [Worker-72] INFO  o.e.m.c.i.e.AbstractTransferListenerAdapter - Downloaded https://repo.maven.apache.org/maven2/org/testng/testng/6.14.3/testng-6.14.3.jar
2018-12-13 08:48:33,072 [Worker-72] INFO  o.e.m.c.i.e.AbstractTransferListenerAdapter - Downloading https://repo.maven.apache.org/maven2/com/beust/jcommander/1.72/jcommander-1.72.jar
2018-12-13 08:48:33,629 [Worker-72] INFO  o.e.m.c.i.e.AbstractTransferListenerAdapter - Downloaded https://repo.maven.apache.org/maven2/com/beust/jcommander/1.72/jcommander-1.72.jar
2018-12-13 08:48:34,137 [Worker-72] INFO  o.e.m.c.i.e.AbstractTransferListenerAdapter - Downloading https://repo.maven.apache.org/maven2/org/apache-extras/beanshell/bsh/2.0b6/bsh-2.0b6.jar
2018-12-13 08:48:36,871 [Worker-72] INFO  o.e.m.c.i.e.AbstractTransferListenerAdapter - Downloaded https://repo.maven.apache.org/maven2/org/apache-extras/beanshell/bsh/2.0b6/bsh-2.0b6.jar
2018-12-13 08:49:01,755 [Worker-72] INFO  o.e.m.c.i.embedder.EclipseLogger - Using 'UTF-8' encoding to copy filtered resources.
2018-12-13 08:49:01,778 [Worker-72] INFO  o.e.m.c.i.embedder.EclipseLogger - Copying 0 resource
2018-12-13 08:49:01,782 [Worker-72] INFO  o.e.m.c.i.embedder.EclipseLogger - Using 'UTF-8' encoding to copy filtered resources.
2018-12-13 08:49:01,783 [Worker-72] INFO  o.e.m.c.i.embedder.EclipseLogger - Copying 0 resource
2018-12-13 08:49:07,292 [Worker-82] INFO  o.e.m.c.i.p.ProjectConfigurationManager - Update started
2018-12-13 08:49:14,374 [Worker-82] INFO  o.e.m.c.i.l.LifecycleMappingFactory - Using org.eclipse.m2e.jdt.JarLifecycleMapping lifecycle mapping for MavenProject: com.emirates:Emirates-Automated-Tests:0.0.1-SNAPSHOT @ C:\Users\USER\Desktop\Emirates\Emirates-Automated-Tests\pom.xml.
2018-12-13 08:49:16,855 [Worker-82] INFO  o.e.m.j.i.AbstractJavaProjectConfigurator - Adding source folder /Emirates-Automated-Tests/src/main/java
2018-12-13 08:49:16,857 [Worker-82] INFO  o.e.m.j.i.AbstractJavaProjectConfigurator - Adding resource folder /Emirates-Automated-Tests/src/main/resources
2018-12-13 08:49:17,087 [Worker-82] INFO  o.e.m.j.i.AbstractJavaProjectConfigurator - Adding source folder /Emirates-Automated-Tests/src/test/java
2018-12-13 08:49:17,087 [Worker-82] INFO  o.e.m.j.i.AbstractJavaProjectConfigurator - Adding resource folder /Emirates-Automated-Tests/src/test/resources
2018-12-13 08:49:18,770 [Worker-82] INFO  o.e.m.c.i.p.ProjectConfigurationManager - Update completed: 11 sec
2018-12-13 08:49:24,324 [Worker-83] INFO  o.e.m.c.i.embedder.EclipseLogger - Using 'UTF-8' encoding to copy filtered resources.
2018-12-13 08:49:24,378 [Worker-83] INFO  o.e.m.c.i.embedder.EclipseLogger - Copying 0 resource
2018-12-13 08:49:24,383 [Worker-83] INFO  o.e.m.c.i.embedder.EclipseLogger - Using 'UTF-8' encoding to copy filtered resources.
2018-12-13 08:49:24,384 [Worker-83] INFO  o.e.m.c.i.embedder.EclipseLogger - Copying 1 resource
2018-12-13 08:49:49,129 [Worker-71] INFO  o.e.m.c.i.embedder.EclipseLogger - Using 'UTF-8' encoding to copy filtered resources.
2018-12-13 08:49:49,165 [Worker-71] INFO  o.e.m.c.i.embedder.EclipseLogger - Copying 0 resource
2018-12-13 08:49:49,166 [Worker-71] INFO  o.e.m.c.i.embedder.EclipseLogger - Using 'UTF-8' encoding to copy filtered resources.
2018-12-13 08:49:49,168 [Worker-71] INFO  o.e.m.c.i.embedder.EclipseLogger - Copying 1 resource
2018-12-13 08:52:04,044 [Worker-2] INFO  o.e.m.c.i.embedder.EclipseLogger - Using 'UTF-8' encoding to copy filtered resources.
2018-12-13 08:52:04,060 [Worker-2] INFO  o.e.m.c.i.embedder.EclipseLogger - Copying 0 resource
2018-12-13 08:52:04,064 [Worker-2] INFO  o.e.m.c.i.embedder.EclipseLogger - Using 'UTF-8' encoding to copy filtered resources.
2018-12-13 08:52:04,064 [Worker-2] INFO  o.e.m.c.i.embedder.EclipseLogger - Copying 1 resource
2018-12-13 08:52:25,958 [Worker-9] INFO  o.e.m.c.i.embedder.EclipseLogger - Using 'UTF-8' encoding to copy filtered resources.
2018-12-13 08:52:25,975 [Worker-9] INFO  o.e.m.c.i.embedder.EclipseLogger - Copying 0 resource
2018-12-13 08:52:25,978 [Worker-9] INFO  o.e.m.c.i.embedder.EclipseLogger - Using 'UTF-8' encoding to copy filtered resources.
2018-12-13 08:52:25,982 [Worker-9] INFO  o.e.m.c.i.embedder.EclipseLogger - Copying 1 resource
2018-12-13 08:52:28,182 [Worker-10] INFO  o.e.m.c.i.embedder.EclipseLogger - Using 'UTF-8' encoding to copy filtered resources.
2018-12-13 08:52:28,182 [Worker-10] INFO  o.e.m.c.i.embedder.EclipseLogger - Copying 0 resource
2018-12-13 08:52:28,189 [Worker-10] INFO  o.e.m.c.i.embedder.EclipseLogger - Using 'UTF-8' encoding to copy filtered resources.
2018-12-13 08:52:28,195 [Worker-10] INFO  o.e.m.c.i.embedder.EclipseLogger - Copying 1 resource
2018-12-13 08:53:31,782 [Worker-14] INFO  o.e.m.c.i.embedder.EclipseLogger - Using 'UTF-8' encoding to copy filtered resources.
2018-12-13 08:53:31,783 [Worker-14] INFO  o.e.m.c.i.embedder.EclipseLogger - Copying 0 resource
2018-12-13 08:53:31,786 [Worker-14] INFO  o.e.m.c.i.embedder.EclipseLogger - Using 'UTF-8' encoding to copy filtered resources.
2018-12-13 08:53:31,787 [Worker-14] INFO  o.e.m.c.i.embedder.EclipseLogger - Copying 0 resource
2018-12-13 08:54:19,364 [Worker-13] INFO  o.e.m.c.i.embedder.EclipseLogger - Using 'UTF-8' encoding to copy filtered resources.
2018-12-13 08:54:19,364 [Worker-13] INFO  o.e.m.c.i.embedder.EclipseLogger - Copying 0 resource
2018-12-13 08:54:19,366 [Worker-13] INFO  o.e.m.c.i.embedder.EclipseLogger - Using 'UTF-8' encoding to copy filtered resources.
2018-12-13 08:54:19,368 [Worker-13] INFO  o.e.m.c.i.embedder.EclipseLogger - Copying 1 resource
2018-12-13 08:57:02,892 [Worker-3] INFO  o.e.m.c.i.embedder.EclipseLogger - Using 'UTF-8' encoding to copy filtered resources.
2018-12-13 08:57:02,893 [Worker-3] INFO  o.e.m.c.i.embedder.EclipseLogger - Copying 0 resource
2018-12-13 08:57:02,895 [Worker-3] INFO  o.e.m.c.i.embedder.EclipseLogger - Using 'UTF-8' encoding to copy filtered resources.
2018-12-13 08:57:02,896 [Worker-3] INFO  o.e.m.c.i.embedder.EclipseLogger - Copying 1 resource
2018-12-13 08:57:58,230 [Worker-16] INFO  o.e.m.c.i.embedder.EclipseLogger - Using 'UTF-8' encoding to copy filtered resources.
2018-12-13 08:57:58,231 [Worker-16] INFO  o.e.m.c.i.embedder.EclipseLogger - Copying 0 resource
2018-12-13 08:57:58,233 [Worker-16] INFO  o.e.m.c.i.embedder.EclipseLogger - Using 'UTF-8' encoding to copy filtered resources.
2018-12-13 08:57:58,234 [Worker-16] INFO  o.e.m.c.i.embedder.EclipseLogger - Copying 0 resource
2018-12-13 09:00:27,335 [Worker-18] INFO  o.e.m.c.i.embedder.EclipseLogger - Using 'UTF-8' encoding to copy filtered resources.
2018-12-13 09:00:27,337 [Worker-18] INFO  o.e.m.c.i.embedder.EclipseLogger - Copying 0 resource
2018-12-13 09:00:27,342 [Worker-18] INFO  o.e.m.c.i.embedder.EclipseLogger - Using 'UTF-8' encoding to copy filtered resources.
2018-12-13 09:00:27,342 [Worker-18] INFO  o.e.m.c.i.embedder.EclipseLogger - Copying 0 resource
2018-12-13 09:00:39,183 [Worker-21] INFO  o.e.m.c.i.embedder.EclipseLogger - Using 'UTF-8' encoding to copy filtered resources.
2018-12-13 09:00:39,184 [Worker-21] INFO  o.e.m.c.i.embedder.EclipseLogger - Copying 0 resource
2018-12-13 09:00:39,193 [Worker-21] INFO  o.e.m.c.i.embedder.EclipseLogger - Using 'UTF-8' encoding to copy filtered resources.
2018-12-13 09:00:39,194 [Worker-21] INFO  o.e.m.c.i.embedder.EclipseLogger - Copying 0 resource
2018-12-13 19:30:17,538 [Worker-30] INFO  o.e.m.c.i.embedder.EclipseLogger - Using 'UTF-8' encoding to copy filtered resources.
2018-12-13 19:30:17,563 [Worker-30] INFO  o.e.m.c.i.embedder.EclipseLogger - Copying 0 resource
2018-12-13 19:30:17,567 [Worker-30] INFO  o.e.m.c.i.embedder.EclipseLogger - Using 'UTF-8' encoding to copy filtered resources.
2018-12-13 19:30:17,572 [Worker-30] INFO  o.e.m.c.i.embedder.EclipseLogger - Copying 1 resource
2018-12-13 19:30:50,879 [Worker-33] INFO  o.e.m.c.i.embedder.EclipseLogger - Using 'UTF-8' encoding to copy filtered resources.
2018-12-13 19:30:50,880 [Worker-33] INFO  o.e.m.c.i.embedder.EclipseLogger - Copying 0 resource
2018-12-13 19:30:50,882 [Worker-33] INFO  o.e.m.c.i.embedder.EclipseLogger - Using 'UTF-8' encoding to copy filtered resources.
2018-12-13 19:30:50,884 [Worker-33] INFO  o.e.m.c.i.embedder.EclipseLogger - Copying 1 resource
2018-12-13 19:35:50,375 [main] INFO  o.e.m2e.actions.ExecutePomAction - Creating new launch configuration
2018-12-13 19:36:09,976 [main] INFO  o.e.m2e.actions.ExecutePomAction - Using existing launch configuration
2018-12-13 19:36:25,049 [Worker-33] INFO  o.e.m.i.launch.MavenLaunchDelegate - C:\Users\USER\Desktop\Emirates\Emirates-Automated-Tests
2018-12-13 19:36:25,050 [Worker-33] INFO  o.e.m.i.launch.MavenLaunchDelegate -  mvn -B clean
2018-12-13 19:36:29,277 [Worker-28] INFO  o.e.m.c.i.embedder.EclipseLogger - Using 'UTF-8' encoding to copy filtered resources.
2018-12-13 19:36:29,278 [Worker-28] INFO  o.e.m.c.i.embedder.EclipseLogger - Copying 0 resource
2018-12-13 19:36:29,297 [Worker-28] INFO  o.e.m.c.i.embedder.EclipseLogger - Using 'UTF-8' encoding to copy filtered resources.
2018-12-13 19:36:29,298 [Worker-28] INFO  o.e.m.c.i.embedder.EclipseLogger - Copying 1 resource
2018-12-13 19:46:20,420 [Worker-48] INFO  o.e.m.c.i.embedder.EclipseLogger - Using 'UTF-8' encoding to copy filtered resources.
2018-12-13 19:46:20,421 [Worker-48] INFO  o.e.m.c.i.embedder.EclipseLogger - Copying 0 resource
2018-12-13 19:46:20,423 [Worker-48] INFO  o.e.m.c.i.embedder.EclipseLogger - Using 'UTF-8' encoding to copy filtered resources.
2018-12-13 19:46:20,425 [Worker-48] INFO  o.e.m.c.i.embedder.EclipseLogger - Copying 1 resource
2018-12-13 19:46:32,136 [Worker-51] INFO  o.e.m.c.i.embedder.EclipseLogger - Using 'UTF-8' encoding to copy filtered resources.
2018-12-13 19:46:32,137 [Worker-51] INFO  o.e.m.c.i.embedder.EclipseLogger - Copying 0 resource
2018-12-13 19:46:32,138 [Worker-51] INFO  o.e.m.c.i.embedder.EclipseLogger - Using 'UTF-8' encoding to copy filtered resources.
2018-12-13 19:46:32,139 [Worker-51] INFO  o.e.m.c.i.embedder.EclipseLogger - Copying 1 resource
2018-12-13 19:46:39,231 [Worker-53] INFO  o.e.m.c.i.p.ProjectConfigurationManager - Update started
2018-12-13 19:46:40,377 [Worker-53] INFO  o.e.m.c.i.l.LifecycleMappingFactory - Using org.eclipse.m2e.jdt.JarLifecycleMapping lifecycle mapping for MavenProject: com.emirates:Emirates-Automated-Tests:0.0.1-SNAPSHOT @ C:\Users\USER\Desktop\Emirates\Emirates-Automated-Tests\pom.xml.
2018-12-13 19:46:41,111 [Worker-53] INFO  o.e.m.j.i.AbstractJavaProjectConfigurator - Adding source folder /Emirates-Automated-Tests/src/main/java
2018-12-13 19:46:41,113 [Worker-53] INFO  o.e.m.j.i.AbstractJavaProjectConfigurator - Adding resource folder /Emirates-Automated-Tests/src/main/resources
2018-12-13 19:46:41,115 [Worker-53] INFO  o.e.m.j.i.AbstractJavaProjectConfigurator - Adding source folder /Emirates-Automated-Tests/src/test/java
2018-12-13 19:46:41,115 [Worker-53] INFO  o.e.m.j.i.AbstractJavaProjectConfigurator - Adding resource folder /Emirates-Automated-Tests/src/test/resources
2018-12-13 19:46:41,317 [Worker-53] INFO  o.e.m.c.i.p.ProjectConfigurationManager - Update completed: 2 sec
2018-12-13 19:46:41,837 [Worker-49] INFO  o.e.m.c.i.embedder.EclipseLogger - Using 'UTF-8' encoding to copy filtered resources.
2018-12-13 19:46:41,838 [Worker-49] INFO  o.e.m.c.i.embedder.EclipseLogger - Copying 0 resource
2018-12-13 19:46:41,841 [Worker-49] INFO  o.e.m.c.i.embedder.EclipseLogger - Using 'UTF-8' encoding to copy filtered resources.
2018-12-13 19:46:41,841 [Worker-49] INFO  o.e.m.c.i.embedder.EclipseLogger - Copying 1 resource
2018-12-13 20:20:21,981 [Worker-73] INFO  o.e.m.c.i.embedder.EclipseLogger - Using 'UTF-8' encoding to copy filtered resources.
2018-12-13 20:20:21,988 [Worker-73] INFO  o.e.m.c.i.embedder.EclipseLogger - Copying 0 resource
2018-12-13 20:20:21,991 [Worker-73] INFO  o.e.m.c.i.embedder.EclipseLogger - Using 'UTF-8' encoding to copy filtered resources.
2018-12-13 20:20:21,992 [Worker-73] INFO  o.e.m.c.i.embedder.EclipseLogger - Copying 1 resource
2018-12-13 21:21:06,290 [main] INFO  o.e.m2e.actions.ExecutePomAction - Creating new launch configuration
2018-12-13 21:21:11,738 [Worker-98] INFO  o.e.m.i.launch.MavenLaunchDelegate - C:\Users\USER\Desktop\Emirates\Emirates-Automated-Tests
2018-12-13 21:21:11,739 [Worker-98] INFO  o.e.m.i.launch.MavenLaunchDelegate -  mvn -B 
2018-12-13 21:21:48,631 [Worker-98] INFO  o.e.m.i.launch.MavenLaunchDelegate - C:\Users\USER\Desktop\Emirates\Emirates-Automated-Tests
2018-12-13 21:21:48,631 [Worker-98] INFO  o.e.m.i.launch.MavenLaunchDelegate -  mvn -B install
2018-12-13 21:21:56,931 [Worker-99] INFO  o.e.m.c.i.embedder.EclipseLogger - Using 'UTF-8' encoding to copy filtered resources.
2018-12-13 21:21:56,932 [Worker-99] INFO  o.e.m.c.i.embedder.EclipseLogger - Copying 0 resource
2018-12-13 21:21:56,947 [Worker-99] INFO  o.e.m.c.i.embedder.EclipseLogger - Using 'UTF-8' encoding to copy filtered resources.
2018-12-13 21:21:56,948 [Worker-99] INFO  o.e.m.c.i.embedder.EclipseLogger - Copying 0 resource
2018-12-13 21:25:06,717 [Worker-103] INFO  o.e.m.c.i.embedder.EclipseLogger - Using 'UTF-8' encoding to copy filtered resources.
2018-12-13 21:25:06,718 [Worker-103] INFO  o.e.m.c.i.embedder.EclipseLogger - Copying 0 resource
2018-12-13 21:25:06,719 [Worker-103] INFO  o.e.m.c.i.embedder.EclipseLogger - Using 'UTF-8' encoding to copy filtered resources.
2018-12-13 21:25:06,719 [Worker-103] INFO  o.e.m.c.i.embedder.EclipseLogger - Copying 1 resource
2018-12-13 21:25:09,370 [Worker-103] INFO  o.e.m.c.i.embedder.EclipseLogger - Using 'UTF-8' encoding to copy filtered resources.
2018-12-13 21:25:09,371 [Worker-103] INFO  o.e.m.c.i.embedder.EclipseLogger - Copying 0 resource
2018-12-13 21:25:09,372 [Worker-103] INFO  o.e.m.c.i.embedder.EclipseLogger - Using 'UTF-8' encoding to copy filtered resources.
2018-12-13 21:25:09,373 [Worker-103] INFO  o.e.m.c.i.embedder.EclipseLogger - Copying 0 resource
2018-12-13 21:25:21,559 [Worker-94] INFO  o.e.m.i.launch.MavenLaunchDelegate - C:\Users\USER\Desktop\Emirates\Emirates-Automated-Tests
2018-12-13 21:25:21,559 [Worker-94] INFO  o.e.m.i.launch.MavenLaunchDelegate -  mvn -B install
2018-12-13 21:27:08,824 [Worker-105] INFO  o.e.m.c.i.embedder.EclipseLogger - Using 'UTF-8' encoding to copy filtered resources.
2018-12-13 21:27:08,825 [Worker-105] INFO  o.e.m.c.i.embedder.EclipseLogger - Copying 0 resource
2018-12-13 21:27:08,829 [Worker-105] INFO  o.e.m.c.i.embedder.EclipseLogger - Using 'UTF-8' encoding to copy filtered resources.
2018-12-13 21:27:08,831 [Worker-105] INFO  o.e.m.c.i.embedder.EclipseLogger - Copying 1 resource
2018-12-13 21:27:16,116 [Worker-101] INFO  o.e.m.c.i.embedder.EclipseLogger - Using 'UTF-8' encoding to copy filtered resources.
2018-12-13 21:27:16,117 [Worker-101] INFO  o.e.m.c.i.embedder.EclipseLogger - Copying 0 resource
2018-12-13 21:27:16,119 [Worker-101] INFO  o.e.m.c.i.embedder.EclipseLogger - Using 'UTF-8' encoding to copy filtered resources.
2018-12-13 21:27:16,119 [Worker-101] INFO  o.e.m.c.i.embedder.EclipseLogger - Copying 1 resource
2018-12-13 21:27:21,320 [Worker-94] INFO  o.e.m.c.i.p.ProjectConfigurationManager - Update started
2018-12-13 21:27:22,148 [Worker-94] INFO  o.e.m.c.i.l.LifecycleMappingFactory - Using org.eclipse.m2e.jdt.JarLifecycleMapping lifecycle mapping for MavenProject: com.emirates:Emirates-Automated-Tests:0.0.1-SNAPSHOT @ C:\Users\USER\Desktop\Emirates\Emirates-Automated-Tests\pom.xml.
2018-12-13 21:27:22,839 [Worker-94] INFO  o.e.m.j.i.AbstractJavaProjectConfigurator - Adding source folder /Emirates-Automated-Tests/src/main/java
2018-12-13 21:27:22,839 [Worker-94] INFO  o.e.m.j.i.AbstractJavaProjectConfigurator - Adding resource folder /Emirates-Automated-Tests/src/main/resources
2018-12-13 21:27:22,840 [Worker-94] INFO  o.e.m.j.i.AbstractJavaProjectConfigurator - Adding source folder /Emirates-Automated-Tests/src/test/java
2018-12-13 21:27:22,840 [Worker-94] INFO  o.e.m.j.i.AbstractJavaProjectConfigurator - Adding resource folder /Emirates-Automated-Tests/src/test/resources
2018-12-13 21:27:23,048 [Worker-94] INFO  o.e.m.c.i.p.ProjectConfigurationManager - Update completed: 1 sec
2018-12-13 21:27:23,604 [Worker-104] INFO  o.e.m.c.i.embedder.EclipseLogger - Using 'UTF-8' encoding to copy filtered resources.
2018-12-13 21:27:23,605 [Worker-104] INFO  o.e.m.c.i.embedder.EclipseLogger - Copying 0 resource
2018-12-13 21:27:23,608 [Worker-104] INFO  o.e.m.c.i.embedder.EclipseLogger - Using 'UTF-8' encoding to copy filtered resources.
2018-12-13 21:27:23,609 [Worker-104] INFO  o.e.m.c.i.embedder.EclipseLogger - Copying 1 resource
2018-12-13 21:29:16,032 [Worker-104] INFO  o.e.m.c.i.l.LifecycleMappingFactory - Using org.eclipse.m2e.jdt.JarLifecycleMapping lifecycle mapping for MavenProject: com.emirates:Emirates-Automated-Tests:0.0.1-SNAPSHOT @ C:\Users\USER\Desktop\Emirates\Emirates-Automated-Tests\pom.xml.
2018-12-13 21:29:17,753 [Worker-104] INFO  o.e.m.c.i.e.AbstractTransferListenerAdapter - Downloading https://repo.maven.apache.org/maven2/org/seleniumhq/selenium/selenium-java/2.53.0/selenium-java-2.53.0.pom
2018-12-13 21:29:17,917 [Worker-104] INFO  o.e.m.c.i.e.AbstractTransferListenerAdapter - Downloaded https://repo.maven.apache.org/maven2/org/seleniumhq/selenium/selenium-java/2.53.0/selenium-java-2.53.0.pom
2018-12-13 21:29:18,086 [Worker-104] INFO  o.e.m.c.i.e.AbstractTransferListenerAdapter - Downloading https://repo.maven.apache.org/maven2/org/seleniumhq/selenium/selenium-parent/2.53.0/selenium-parent-2.53.0.pom
2018-12-13 21:29:18,270 [Worker-104] INFO  o.e.m.c.i.e.AbstractTransferListenerAdapter - Downloaded https://repo.maven.apache.org/maven2/org/seleniumhq/selenium/selenium-parent/2.53.0/selenium-parent-2.53.0.pom
2018-12-13 21:29:18,439 [Worker-104] INFO  o.e.m.c.i.e.AbstractTransferListenerAdapter - Downloading https://repo.maven.apache.org/maven2/org/seleniumhq/selenium/selenium-chrome-driver/2.53.0/selenium-chrome-driver-2.53.0.pom
2018-12-13 21:29:18,623 [Worker-104] INFO  o.e.m.c.i.e.AbstractTransferListenerAdapter - Downloaded https://repo.maven.apache.org/maven2/org/seleniumhq/selenium/selenium-chrome-driver/2.53.0/selenium-chrome-driver-2.53.0.pom
2018-12-13 21:29:18,825 [Worker-104] INFO  o.e.m.c.i.e.AbstractTransferListenerAdapter - Downloading https://repo.maven.apache.org/maven2/org/seleniumhq/selenium/selenium-remote-driver/2.53.0/selenium-remote-driver-2.53.0.pom
2018-12-13 21:29:19,018 [Worker-104] INFO  o.e.m.c.i.e.AbstractTransferListenerAdapter - Downloaded https://repo.maven.apache.org/maven2/org/seleniumhq/selenium/selenium-remote-driver/2.53.0/selenium-remote-driver-2.53.0.pom
2018-12-13 21:29:19,258 [Worker-104] INFO  o.e.m.c.i.e.AbstractTransferListenerAdapter - Downloading https://repo.maven.apache.org/maven2/org/seleniumhq/selenium/selenium-api/2.53.0/selenium-api-2.53.0.pom
2018-12-13 21:29:19,449 [Worker-104] INFO  o.e.m.c.i.e.AbstractTransferListenerAdapter - Downloaded https://repo.maven.apache.org/maven2/org/seleniumhq/selenium/selenium-api/2.53.0/selenium-api-2.53.0.pom
2018-12-13 21:29:19,678 [Worker-104] INFO  o.e.m.c.i.e.AbstractTransferListenerAdapter - Downloading https://repo.maven.apache.org/maven2/org/apache/httpcomponents/httpclient/4.5.1/httpclient-4.5.1.pom
2018-12-13 21:29:19,903 [Worker-104] INFO  o.e.m.c.i.e.AbstractTransferListenerAdapter - Downloaded https://repo.maven.apache.org/maven2/org/apache/httpcomponents/httpclient/4.5.1/httpclient-4.5.1.pom
2018-12-13 21:29:20,077 [Worker-104] INFO  o.e.m.c.i.e.AbstractTransferListenerAdapter - Downloading https://repo.maven.apache.org/maven2/org/apache/httpcomponents/httpcomponents-client/4.5.1/httpcomponents-client-4.5.1.pom
2018-12-13 21:29:20,864 [Worker-104] INFO  o.e.m.c.i.e.AbstractTransferListenerAdapter - Downloaded https://repo.maven.apache.org/maven2/org/apache/httpcomponents/httpcomponents-client/4.5.1/httpcomponents-client-4.5.1.pom
2018-12-13 21:29:21,084 [Worker-104] INFO  o.e.m.c.i.e.AbstractTransferListenerAdapter - Downloading https://repo.maven.apache.org/maven2/org/apache/httpcomponents/httpcore/4.4.3/httpcore-4.4.3.pom
2018-12-13 21:29:21,252 [Worker-104] INFO  o.e.m.c.i.e.AbstractTransferListenerAdapter - Downloaded https://repo.maven.apache.org/maven2/org/apache/httpcomponents/httpcore/4.4.3/httpcore-4.4.3.pom
2018-12-13 21:29:21,429 [Worker-104] INFO  o.e.m.c.i.e.AbstractTransferListenerAdapter - Downloading https://repo.maven.apache.org/maven2/org/apache/httpcomponents/httpcomponents-core/4.4.3/httpcomponents-core-4.4.3.pom
2018-12-13 21:29:21,662 [Worker-104] INFO  o.e.m.c.i.e.AbstractTransferListenerAdapter - Downloaded https://repo.maven.apache.org/maven2/org/apache/httpcomponents/httpcomponents-core/4.4.3/httpcomponents-core-4.4.3.pom
2018-12-13 21:29:22,085 [Worker-104] INFO  o.e.m.c.i.e.AbstractTransferListenerAdapter - Downloading https://repo.maven.apache.org/maven2/org/seleniumhq/selenium/selenium-edge-driver/2.53.0/selenium-edge-driver-2.53.0.pom
2018-12-13 21:29:22,306 [Worker-104] INFO  o.e.m.c.i.e.AbstractTransferListenerAdapter - Downloaded https://repo.maven.apache.org/maven2/org/seleniumhq/selenium/selenium-edge-driver/2.53.0/selenium-edge-driver-2.53.0.pom
2018-12-13 21:29:22,560 [Worker-104] INFO  o.e.m.c.i.e.AbstractTransferListenerAdapter - Downloading https://repo.maven.apache.org/maven2/org/seleniumhq/selenium/selenium-firefox-driver/2.53.0/selenium-firefox-driver-2.53.0.pom
2018-12-13 21:29:22,856 [Worker-104] INFO  o.e.m.c.i.e.AbstractTransferListenerAdapter - Downloaded https://repo.maven.apache.org/maven2/org/seleniumhq/selenium/selenium-firefox-driver/2.53.0/selenium-firefox-driver-2.53.0.pom
2018-12-13 21:29:23,031 [Worker-104] INFO  o.e.m.c.i.e.AbstractTransferListenerAdapter - Downloading https://repo.maven.apache.org/maven2/org/seleniumhq/selenium/selenium-ie-driver/2.53.0/selenium-ie-driver-2.53.0.pom
2018-12-13 21:29:23,195 [Worker-104] INFO  o.e.m.c.i.e.AbstractTransferListenerAdapter - Downloaded https://repo.maven.apache.org/maven2/org/seleniumhq/selenium/selenium-ie-driver/2.53.0/selenium-ie-driver-2.53.0.pom
2018-12-13 21:29:23,360 [Worker-104] INFO  o.e.m.c.i.e.AbstractTransferListenerAdapter - Downloading https://repo.maven.apache.org/maven2/org/seleniumhq/selenium/selenium-safari-driver/2.53.0/selenium-safari-driver-2.53.0.pom
2018-12-13 21:29:23,652 [Worker-104] INFO  o.e.m.c.i.e.AbstractTransferListenerAdapter - Downloaded https://repo.maven.apache.org/maven2/org/seleniumhq/selenium/selenium-safari-driver/2.53.0/selenium-safari-driver-2.53.0.pom
2018-12-13 21:29:23,819 [Worker-104] INFO  o.e.m.c.i.e.AbstractTransferListenerAdapter - Downloading https://repo.maven.apache.org/maven2/io/netty/netty/3.5.7.Final/netty-3.5.7.Final.pom
2018-12-13 21:29:24,028 [Worker-104] INFO  o.e.m.c.i.e.AbstractTransferListenerAdapter - Downloaded https://repo.maven.apache.org/maven2/io/netty/netty/3.5.7.Final/netty-3.5.7.Final.pom
2018-12-13 21:29:24,216 [Worker-104] INFO  o.e.m.c.i.e.AbstractTransferListenerAdapter - Downloading https://repo.maven.apache.org/maven2/org/seleniumhq/selenium/selenium-support/2.53.0/selenium-support-2.53.0.pom
2018-12-13 21:29:24,384 [Worker-104] INFO  o.e.m.c.i.e.AbstractTransferListenerAdapter - Downloaded https://repo.maven.apache.org/maven2/org/seleniumhq/selenium/selenium-support/2.53.0/selenium-support-2.53.0.pom
2018-12-13 21:29:24,546 [Worker-104] INFO  o.e.m.c.i.e.AbstractTransferListenerAdapter - Downloading https://repo.maven.apache.org/maven2/org/seleniumhq/selenium/selenium-leg-rc/2.53.0/selenium-leg-rc-2.53.0.pom
2018-12-13 21:29:25,239 [Worker-104] INFO  o.e.m.c.i.e.AbstractTransferListenerAdapter - Downloaded https://repo.maven.apache.org/maven2/org/seleniumhq/selenium/selenium-leg-rc/2.53.0/selenium-leg-rc-2.53.0.pom
2018-12-13 21:29:25,482 [Worker-104] INFO  o.e.m.c.i.e.AbstractTransferListenerAdapter - Downloading https://repo.maven.apache.org/maven2/org/seleniumhq/selenium/selenium-java/2.53.0/selenium-java-2.53.0.jar
2018-12-13 21:29:26,194 [Worker-104] INFO  o.e.m.c.i.e.AbstractTransferListenerAdapter - Downloaded https://repo.maven.apache.org/maven2/org/seleniumhq/selenium/selenium-java/2.53.0/selenium-java-2.53.0.jar
2018-12-13 21:29:26,456 [Worker-104] INFO  o.e.m.c.i.e.AbstractTransferListenerAdapter - Downloading https://repo.maven.apache.org/maven2/org/seleniumhq/selenium/selenium-chrome-driver/2.53.0/selenium-chrome-driver-2.53.0.jar
2018-12-13 21:29:26,666 [Worker-104] INFO  o.e.m.c.i.e.AbstractTransferListenerAdapter - Downloaded https://repo.maven.apache.org/maven2/org/seleniumhq/selenium/selenium-chrome-driver/2.53.0/selenium-chrome-driver-2.53.0.jar
2018-12-13 21:29:26,860 [Worker-104] INFO  o.e.m.c.i.e.AbstractTransferListenerAdapter - Downloading https://repo.maven.apache.org/maven2/org/seleniumhq/selenium/selenium-remote-driver/2.53.0/selenium-remote-driver-2.53.0.jar
2018-12-13 21:29:27,943 [Worker-104] INFO  o.e.m.c.i.e.AbstractTransferListenerAdapter - Downloaded https://repo.maven.apache.org/maven2/org/seleniumhq/selenium/selenium-remote-driver/2.53.0/selenium-remote-driver-2.53.0.jar
2018-12-13 21:29:28,101 [Worker-104] INFO  o.e.m.c.i.e.AbstractTransferListenerAdapter - Downloading https://repo.maven.apache.org/maven2/org/seleniumhq/selenium/selenium-api/2.53.0/selenium-api-2.53.0.jar
2018-12-13 21:29:28,876 [Worker-104] INFO  o.e.m.c.i.e.AbstractTransferListenerAdapter - Downloaded https://repo.maven.apache.org/maven2/org/seleniumhq/selenium/selenium-api/2.53.0/selenium-api-2.53.0.jar
2018-12-13 21:29:29,047 [Worker-104] INFO  o.e.m.c.i.e.AbstractTransferListenerAdapter - Downloading https://repo.maven.apache.org/maven2/org/apache/httpcomponents/httpclient/4.5.1/httpclient-4.5.1.jar
2018-12-13 21:29:32,161 [Worker-104] INFO  o.e.m.c.i.e.AbstractTransferListenerAdapter - Downloaded https://repo.maven.apache.org/maven2/org/apache/httpcomponents/httpclient/4.5.1/httpclient-4.5.1.jar
2018-12-13 21:29:32,466 [Worker-104] INFO  o.e.m.c.i.e.AbstractTransferListenerAdapter - Downloading https://repo.maven.apache.org/maven2/org/apache/httpcomponents/httpcore/4.4.3/httpcore-4.4.3.jar
2018-12-13 21:29:34,092 [Worker-104] INFO  o.e.m.c.i.e.AbstractTransferListenerAdapter - Downloaded https://repo.maven.apache.org/maven2/org/apache/httpcomponents/httpcore/4.4.3/httpcore-4.4.3.jar
2018-12-13 21:29:34,321 [Worker-104] INFO  o.e.m.c.i.e.AbstractTransferListenerAdapter - Downloading https://repo.maven.apache.org/maven2/commons-codec/commons-codec/1.9/commons-codec-1.9.jar
2018-12-13 21:29:35,812 [Worker-104] INFO  o.e.m.c.i.e.AbstractTransferListenerAdapter - Downloaded https://repo.maven.apache.org/maven2/commons-codec/commons-codec/1.9/commons-codec-1.9.jar
2018-12-13 21:29:35,989 [Worker-104] INFO  o.e.m.c.i.e.AbstractTransferListenerAdapter - Downloading https://repo.maven.apache.org/maven2/com/google/guava/guava/19.0/guava-19.0.jar
2018-12-13 21:29:53,665 [Worker-104] INFO  o.e.m.c.i.e.AbstractTransferListenerAdapter - Downloaded https://repo.maven.apache.org/maven2/com/google/guava/guava/19.0/guava-19.0.jar
2018-12-13 21:29:53,835 [Worker-104] INFO  o.e.m.c.i.e.AbstractTransferListenerAdapter - Downloading https://repo.maven.apache.org/maven2/org/seleniumhq/selenium/selenium-edge-driver/2.53.0/selenium-edge-driver-2.53.0.jar
2018-12-13 21:29:54,534 [Worker-104] INFO  o.e.m.c.i.e.AbstractTransferListenerAdapter - Downloaded https://repo.maven.apache.org/maven2/org/seleniumhq/selenium/selenium-edge-driver/2.53.0/selenium-edge-driver-2.53.0.jar
2018-12-13 21:29:54,760 [Worker-104] INFO  o.e.m.c.i.e.AbstractTransferListenerAdapter - Downloading https://repo.maven.apache.org/maven2/org/seleniumhq/selenium/selenium-firefox-driver/2.53.0/selenium-firefox-driver-2.53.0.jar
2018-12-13 21:30:04,216 [Worker-104] INFO  o.e.m.c.i.e.AbstractTransferListenerAdapter - Downloaded https://repo.maven.apache.org/maven2/org/seleniumhq/selenium/selenium-firefox-driver/2.53.0/selenium-firefox-driver-2.53.0.jar
2018-12-13 21:30:04,877 [Worker-104] INFO  o.e.m.c.i.e.AbstractTransferListenerAdapter - Downloading https://repo.maven.apache.org/maven2/org/seleniumhq/selenium/selenium-ie-driver/2.53.0/selenium-ie-driver-2.53.0.jar
2018-12-13 21:30:05,036 [Worker-104] INFO  o.e.m.c.i.e.AbstractTransferListenerAdapter - Downloaded https://repo.maven.apache.org/maven2/org/seleniumhq/selenium/selenium-ie-driver/2.53.0/selenium-ie-driver-2.53.0.jar
2018-12-13 21:30:05,199 [Worker-104] INFO  o.e.m.c.i.e.AbstractTransferListenerAdapter - Downloading https://repo.maven.apache.org/maven2/org/seleniumhq/selenium/selenium-safari-driver/2.53.0/selenium-safari-driver-2.53.0.jar
2018-12-13 21:30:06,048 [Worker-104] INFO  o.e.m.c.i.e.AbstractTransferListenerAdapter - Downloaded https://repo.maven.apache.org/maven2/org/seleniumhq/selenium/selenium-safari-driver/2.53.0/selenium-safari-driver-2.53.0.jar
2018-12-13 21:30:06,266 [Worker-104] INFO  o.e.m.c.i.e.AbstractTransferListenerAdapter - Downloading https://repo.maven.apache.org/maven2/io/netty/netty/3.5.7.Final/netty-3.5.7.Final.jar
2018-12-13 21:30:15,834 [Worker-104] INFO  o.e.m.c.i.e.AbstractTransferListenerAdapter - Downloaded https://repo.maven.apache.org/maven2/io/netty/netty/3.5.7.Final/netty-3.5.7.Final.jar
2018-12-13 21:30:15,984 [Worker-104] INFO  o.e.m.c.i.e.AbstractTransferListenerAdapter - Downloading https://repo.maven.apache.org/maven2/org/seleniumhq/selenium/selenium-support/2.53.0/selenium-support-2.53.0.jar
2018-12-13 21:30:17,559 [Worker-104] INFO  o.e.m.c.i.e.AbstractTransferListenerAdapter - Downloaded https://repo.maven.apache.org/maven2/org/seleniumhq/selenium/selenium-support/2.53.0/selenium-support-2.53.0.jar
2018-12-13 21:30:17,753 [Worker-104] INFO  o.e.m.c.i.e.AbstractTransferListenerAdapter - Downloading https://repo.maven.apache.org/maven2/org/seleniumhq/selenium/selenium-leg-rc/2.53.0/selenium-leg-rc-2.53.0.jar
2018-12-13 21:30:21,157 [Worker-104] INFO  o.e.m.c.i.e.AbstractTransferListenerAdapter - Downloaded https://repo.maven.apache.org/maven2/org/seleniumhq/selenium/selenium-leg-rc/2.53.0/selenium-leg-rc-2.53.0.jar
2018-12-13 21:30:25,147 [Worker-104] INFO  o.e.m.c.i.embedder.EclipseLogger - Using 'UTF-8' encoding to copy filtered resources.
2018-12-13 21:30:25,150 [Worker-104] INFO  o.e.m.c.i.embedder.EclipseLogger - Copying 0 resource
2018-12-13 21:30:25,183 [Worker-104] INFO  o.e.m.c.i.embedder.EclipseLogger - Using 'UTF-8' encoding to copy filtered resources.
2018-12-13 21:30:25,184 [Worker-104] INFO  o.e.m.c.i.embedder.EclipseLogger - Copying 0 resource
2018-12-13 21:30:25,512 [Worker-108] INFO  o.e.m.c.i.p.ProjectConfigurationManager - Update started
2018-12-13 21:30:26,058 [Worker-108] INFO  o.e.m.c.i.l.LifecycleMappingFactory - Using org.eclipse.m2e.jdt.JarLifecycleMapping lifecycle mapping for MavenProject: com.emirates:Emirates-Automated-Tests:0.0.1-SNAPSHOT @ C:\Users\USER\Desktop\Emirates\Emirates-Automated-Tests\pom.xml.
2018-12-13 21:30:26,664 [Worker-108] INFO  o.e.m.j.i.AbstractJavaProjectConfigurator - Adding source folder /Emirates-Automated-Tests/src/main/java
2018-12-13 21:30:26,664 [Worker-108] INFO  o.e.m.j.i.AbstractJavaProjectConfigurator - Adding resource folder /Emirates-Automated-Tests/src/main/resources
2018-12-13 21:30:26,665 [Worker-108] INFO  o.e.m.j.i.AbstractJavaProjectConfigurator - Adding source folder /Emirates-Automated-Tests/src/test/java
2018-12-13 21:30:26,665 [Worker-108] INFO  o.e.m.j.i.AbstractJavaProjectConfigurator - Adding resource folder /Emirates-Automated-Tests/src/test/resources
2018-12-13 21:30:26,984 [Worker-108] INFO  o.e.m.c.i.p.ProjectConfigurationManager - Update completed: 1 sec
2018-12-13 21:30:29,209 [Worker-94] INFO  o.e.m.c.i.embedder.EclipseLogger - Using 'UTF-8' encoding to copy filtered resources.
2018-12-13 21:30:29,210 [Worker-94] INFO  o.e.m.c.i.embedder.EclipseLogger - Copying 0 resource
2018-12-13 21:30:29,213 [Worker-94] INFO  o.e.m.c.i.embedder.EclipseLogger - Using 'UTF-8' encoding to copy filtered resources.
2018-12-13 21:30:29,214 [Worker-94] INFO  o.e.m.c.i.embedder.EclipseLogger - Copying 1 resource
2018-12-13 21:30:49,742 [Worker-108] INFO  o.e.m.c.i.embedder.EclipseLogger - Using 'UTF-8' encoding to copy filtered resources.
2018-12-13 21:30:49,745 [Worker-108] INFO  o.e.m.c.i.embedder.EclipseLogger - Copying 0 resource
2018-12-13 21:30:49,746 [Worker-108] INFO  o.e.m.c.i.embedder.EclipseLogger - Using 'UTF-8' encoding to copy filtered resources.
2018-12-13 21:30:49,746 [Worker-108] INFO  o.e.m.c.i.embedder.EclipseLogger - Copying 0 resource
2018-12-13 21:32:22,585 [Worker-110] INFO  o.e.m.c.i.embedder.EclipseLogger - Using 'UTF-8' encoding to copy filtered resources.
2018-12-13 21:32:22,586 [Worker-110] INFO  o.e.m.c.i.embedder.EclipseLogger - Copying 1 resource
2018-12-13 21:32:22,609 [Worker-110] INFO  o.e.m.c.i.embedder.EclipseLogger - Using 'UTF-8' encoding to copy filtered resources.
2018-12-13 21:32:22,610 [Worker-110] INFO  o.e.m.c.i.embedder.EclipseLogger - Copying 0 resource
2018-12-13 21:32:55,331 [Worker-108] INFO  o.e.m.c.i.embedder.EclipseLogger - Using 'UTF-8' encoding to copy filtered resources.
2018-12-13 21:32:55,332 [Worker-108] INFO  o.e.m.c.i.embedder.EclipseLogger - Copying 1 resource
2018-12-13 21:32:55,334 [Worker-108] INFO  o.e.m.c.i.embedder.EclipseLogger - Using 'UTF-8' encoding to copy filtered resources.
2018-12-13 21:32:55,335 [Worker-108] INFO  o.e.m.c.i.embedder.EclipseLogger - Copying 0 resource
2018-12-13 21:34:29,318 [Worker-111] INFO  o.e.m.c.i.embedder.EclipseLogger - Using 'UTF-8' encoding to copy filtered resources.
2018-12-13 21:34:29,319 [Worker-111] INFO  o.e.m.c.i.embedder.EclipseLogger - Copying 0 resource
2018-12-13 21:34:29,320 [Worker-111] INFO  o.e.m.c.i.embedder.EclipseLogger - Using 'UTF-8' encoding to copy filtered resources.
2018-12-13 21:34:29,321 [Worker-111] INFO  o.e.m.c.i.embedder.EclipseLogger - Copying 1 resource
2018-12-13 21:35:38,323 [Worker-111] INFO  o.e.m.c.i.embedder.EclipseLogger - Using 'UTF-8' encoding to copy filtered resources.
2018-12-13 21:35:38,323 [Worker-111] INFO  o.e.m.c.i.embedder.EclipseLogger - Copying 0 resource
2018-12-13 21:35:38,325 [Worker-111] INFO  o.e.m.c.i.embedder.EclipseLogger - Using 'UTF-8' encoding to copy filtered resources.
2018-12-13 21:35:38,326 [Worker-111] INFO  o.e.m.c.i.embedder.EclipseLogger - Copying 2 resources
2018-12-13 21:35:48,490 [Worker-110] INFO  o.e.m.c.i.embedder.EclipseLogger - Using 'UTF-8' encoding to copy filtered resources.
2018-12-13 21:35:48,491 [Worker-110] INFO  o.e.m.c.i.embedder.EclipseLogger - Copying 0 resource
2018-12-13 21:35:48,493 [Worker-110] INFO  o.e.m.c.i.embedder.EclipseLogger - Using 'UTF-8' encoding to copy filtered resources.
2018-12-13 21:35:48,494 [Worker-110] INFO  o.e.m.c.i.embedder.EclipseLogger - Copying 2 resources
2018-12-13 21:35:59,105 [Worker-112] INFO  o.e.m.c.i.p.ProjectConfigurationManager - Update started
2018-12-13 21:35:59,687 [Worker-112] INFO  o.e.m.c.i.l.LifecycleMappingFactory - Using org.eclipse.m2e.jdt.JarLifecycleMapping lifecycle mapping for MavenProject: com.emirates:Emirates-Automated-Tests:0.0.1-SNAPSHOT @ C:\Users\USER\Desktop\Emirates\Emirates-Automated-Tests\pom.xml.
2018-12-13 21:36:00,111 [Worker-112] INFO  o.e.m.j.i.AbstractJavaProjectConfigurator - Adding source folder /Emirates-Automated-Tests/src/main/java
2018-12-13 21:36:00,111 [Worker-112] INFO  o.e.m.j.i.AbstractJavaProjectConfigurator - Adding resource folder /Emirates-Automated-Tests/src/main/resources
2018-12-13 21:36:00,112 [Worker-112] INFO  o.e.m.j.i.AbstractJavaProjectConfigurator - Adding source folder /Emirates-Automated-Tests/src/test/java
2018-12-13 21:36:00,112 [Worker-112] INFO  o.e.m.j.i.AbstractJavaProjectConfigurator - Adding resource folder /Emirates-Automated-Tests/src/test/resources
2018-12-13 21:36:00,277 [Worker-112] INFO  o.e.m.c.i.p.ProjectConfigurationManager - Update completed: 1 sec
2018-12-13 21:36:00,678 [Worker-111] INFO  o.e.m.c.i.embedder.EclipseLogger - Using 'UTF-8' encoding to copy filtered resources.
2018-12-13 21:36:00,678 [Worker-111] INFO  o.e.m.c.i.embedder.EclipseLogger - Copying 1 resource
2018-12-13 21:36:00,688 [Worker-111] INFO  o.e.m.c.i.embedder.EclipseLogger - Using 'UTF-8' encoding to copy filtered resources.
2018-12-13 21:36:00,696 [Worker-111] INFO  o.e.m.c.i.embedder.EclipseLogger - Copying 2 resources
2018-12-13 21:36:25,927 [Worker-111] INFO  o.e.m.c.i.p.ProjectConfigurationManager - Update started
2018-12-13 21:36:26,361 [Worker-111] INFO  o.e.m.c.i.l.LifecycleMappingFactory - Using org.eclipse.m2e.jdt.JarLifecycleMapping lifecycle mapping for MavenProject: com.emirates:Emirates-Automated-Tests:0.0.1-SNAPSHOT @ C:\Users\USER\Desktop\Emirates\Emirates-Automated-Tests\pom.xml.
2018-12-13 21:36:26,688 [Worker-111] INFO  o.e.m.j.i.AbstractJavaProjectConfigurator - Adding source folder /Emirates-Automated-Tests/src/main/java
2018-12-13 21:36:26,689 [Worker-111] INFO  o.e.m.j.i.AbstractJavaProjectConfigurator - Adding resource folder /Emirates-Automated-Tests/src/main/resources
2018-12-13 21:36:26,690 [Worker-111] INFO  o.e.m.j.i.AbstractJavaProjectConfigurator - Adding source folder /Emirates-Automated-Tests/src/test/java
2018-12-13 21:36:26,690 [Worker-111] INFO  o.e.m.j.i.AbstractJavaProjectConfigurator - Adding resource folder /Emirates-Automated-Tests/src/test/resources
2018-12-13 21:36:26,846 [Worker-111] INFO  o.e.m.c.i.p.ProjectConfigurationManager - Update completed: 0 sec
2018-12-13 21:36:27,221 [Worker-104] INFO  o.e.m.c.i.embedder.EclipseLogger - Using 'UTF-8' encoding to copy filtered resources.
2018-12-13 21:36:27,222 [Worker-104] INFO  o.e.m.c.i.embedder.EclipseLogger - Copying 1 resource
2018-12-13 21:36:27,230 [Worker-104] INFO  o.e.m.c.i.embedder.EclipseLogger - Using 'UTF-8' encoding to copy filtered resources.
2018-12-13 21:36:27,231 [Worker-104] INFO  o.e.m.c.i.embedder.EclipseLogger - Copying 2 resources
2018-12-13 21:36:57,072 [Worker-110] INFO  o.e.m.c.i.embedder.EclipseLogger - Using 'UTF-8' encoding to copy filtered resources.
2018-12-13 21:36:57,077 [Worker-110] INFO  o.e.m.c.i.embedder.EclipseLogger - Copying 0 resource
2018-12-13 21:36:57,081 [Worker-110] INFO  o.e.m.c.i.embedder.EclipseLogger - Using 'UTF-8' encoding to copy filtered resources.
2018-12-13 21:36:57,082 [Worker-110] INFO  o.e.m.c.i.embedder.EclipseLogger - Copying 1 resource
2018-12-13 21:37:57,140 [Worker-114] INFO  o.e.m.c.i.embedder.EclipseLogger - Using 'UTF-8' encoding to copy filtered resources.
2018-12-13 21:37:57,140 [Worker-114] INFO  o.e.m.c.i.embedder.EclipseLogger - Copying 0 resource
2018-12-13 21:37:57,142 [Worker-114] INFO  o.e.m.c.i.embedder.EclipseLogger - Using 'UTF-8' encoding to copy filtered resources.
2018-12-13 21:37:57,143 [Worker-114] INFO  o.e.m.c.i.embedder.EclipseLogger - Copying 0 resource
2018-12-13 22:12:11,908 [Worker-129] INFO  o.e.m.c.i.embedder.EclipseLogger - Using 'UTF-8' encoding to copy filtered resources.
2018-12-13 22:12:12,042 [Worker-129] INFO  o.e.m.c.i.embedder.EclipseLogger - Copying 0 resource
2018-12-13 22:12:12,050 [Worker-129] INFO  o.e.m.c.i.embedder.EclipseLogger - Using 'UTF-8' encoding to copy filtered resources.
2018-12-13 22:12:12,134 [Worker-129] INFO  o.e.m.c.i.embedder.EclipseLogger - Copying 1 resource
2018-12-13 22:12:14,142 [Worker-129] INFO  o.e.m.c.i.embedder.EclipseLogger - Using 'UTF-8' encoding to copy filtered resources.
2018-12-13 22:12:14,143 [Worker-129] INFO  o.e.m.c.i.embedder.EclipseLogger - Copying 0 resource
2018-12-13 22:12:14,146 [Worker-129] INFO  o.e.m.c.i.embedder.EclipseLogger - Using 'UTF-8' encoding to copy filtered resources.
2018-12-13 22:12:14,147 [Worker-129] INFO  o.e.m.c.i.embedder.EclipseLogger - Copying 1 resource
2018-12-13 22:15:09,091 [Worker-129] INFO  o.e.m.c.i.embedder.EclipseLogger - Using 'UTF-8' encoding to copy filtered resources.
2018-12-13 22:15:09,092 [Worker-129] INFO  o.e.m.c.i.embedder.EclipseLogger - Copying 0 resource
2018-12-13 22:15:09,106 [Worker-129] INFO  o.e.m.c.i.embedder.EclipseLogger - Using 'UTF-8' encoding to copy filtered resources.
2018-12-13 22:15:09,106 [Worker-129] INFO  o.e.m.c.i.embedder.EclipseLogger - Copying 1 resource
2018-12-13 22:18:22,770 [Worker-132] INFO  o.e.m.c.i.embedder.EclipseLogger - Using 'UTF-8' encoding to copy filtered resources.
2018-12-13 22:18:22,771 [Worker-132] INFO  o.e.m.c.i.embedder.EclipseLogger - Copying 0 resource
2018-12-13 22:18:22,774 [Worker-132] INFO  o.e.m.c.i.embedder.EclipseLogger - Using 'UTF-8' encoding to copy filtered resources.
2018-12-13 22:18:22,776 [Worker-132] INFO  o.e.m.c.i.embedder.EclipseLogger - Copying 1 resource
2018-12-13 22:18:49,279 [Worker-130] INFO  o.e.m.c.i.embedder.EclipseLogger - Using 'UTF-8' encoding to copy filtered resources.
2018-12-13 22:18:49,280 [Worker-130] INFO  o.e.m.c.i.embedder.EclipseLogger - Copying 0 resource
2018-12-13 22:18:49,284 [Worker-130] INFO  o.e.m.c.i.embedder.EclipseLogger - Using 'UTF-8' encoding to copy filtered resources.
2018-12-13 22:18:49,285 [Worker-130] INFO  o.e.m.c.i.embedder.EclipseLogger - Copying 1 resource
2018-12-13 22:21:31,194 [Worker-135] INFO  o.e.m.c.i.embedder.EclipseLogger - Using 'UTF-8' encoding to copy filtered resources.
2018-12-13 22:21:31,195 [Worker-135] INFO  o.e.m.c.i.embedder.EclipseLogger - Copying 0 resource
2018-12-13 22:21:31,198 [Worker-135] INFO  o.e.m.c.i.embedder.EclipseLogger - Using 'UTF-8' encoding to copy filtered resources.
2018-12-13 22:21:31,214 [Worker-135] INFO  o.e.m.c.i.embedder.EclipseLogger - Copying 1 resource
2018-12-13 22:21:44,969 [Worker-138] INFO  o.e.m.c.i.embedder.EclipseLogger - Using 'UTF-8' encoding to copy filtered resources.
2018-12-13 22:21:44,970 [Worker-138] INFO  o.e.m.c.i.embedder.EclipseLogger - Copying 0 resource
2018-12-13 22:21:44,972 [Worker-138] INFO  o.e.m.c.i.embedder.EclipseLogger - Using 'UTF-8' encoding to copy filtered resources.
2018-12-13 22:21:44,973 [Worker-138] INFO  o.e.m.c.i.embedder.EclipseLogger - Copying 1 resource
2018-12-13 22:22:09,457 [Worker-135] INFO  o.e.m.c.i.embedder.EclipseLogger - Using 'UTF-8' encoding to copy filtered resources.
2018-12-13 22:22:09,458 [Worker-135] INFO  o.e.m.c.i.embedder.EclipseLogger - Copying 0 resource
2018-12-13 22:22:09,485 [Worker-135] INFO  o.e.m.c.i.embedder.EclipseLogger - Using 'UTF-8' encoding to copy filtered resources.
2018-12-13 22:22:09,486 [Worker-135] INFO  o.e.m.c.i.embedder.EclipseLogger - Copying 1 resource
2018-12-13 22:22:16,409 [Worker-137] INFO  o.e.m.c.i.embedder.EclipseLogger - Using 'UTF-8' encoding to copy filtered resources.
2018-12-13 22:22:16,410 [Worker-137] INFO  o.e.m.c.i.embedder.EclipseLogger - Copying 0 resource
2018-12-13 22:22:16,440 [Worker-137] INFO  o.e.m.c.i.embedder.EclipseLogger - Using 'UTF-8' encoding to copy filtered resources.
2018-12-13 22:22:16,442 [Worker-137] INFO  o.e.m.c.i.embedder.EclipseLogger - Copying 1 resource
2018-12-13 22:23:13,000 [Worker-138] INFO  o.e.m.c.i.embedder.EclipseLogger - Using 'UTF-8' encoding to copy filtered resources.
2018-12-13 22:23:13,000 [Worker-138] INFO  o.e.m.c.i.embedder.EclipseLogger - Copying 0 resource
2018-12-13 22:23:13,003 [Worker-138] INFO  o.e.m.c.i.embedder.EclipseLogger - Using 'UTF-8' encoding to copy filtered resources.
2018-12-13 22:23:13,003 [Worker-138] INFO  o.e.m.c.i.embedder.EclipseLogger - Copying 1 resource
2018-12-13 22:24:20,665 [Worker-137] INFO  o.e.m.c.i.embedder.EclipseLogger - Using 'UTF-8' encoding to copy filtered resources.
2018-12-13 22:24:20,667 [Worker-137] INFO  o.e.m.c.i.embedder.EclipseLogger - Copying 0 resource
2018-12-13 22:24:20,669 [Worker-137] INFO  o.e.m.c.i.embedder.EclipseLogger - Using 'UTF-8' encoding to copy filtered resources.
2018-12-13 22:24:20,672 [Worker-137] INFO  o.e.m.c.i.embedder.EclipseLogger - Copying 1 resource
2018-12-13 22:25:15,505 [Worker-137] INFO  o.e.m.c.i.embedder.EclipseLogger - Using 'UTF-8' encoding to copy filtered resources.
2018-12-13 22:25:15,507 [Worker-137] INFO  o.e.m.c.i.embedder.EclipseLogger - Copying 0 resource
2018-12-13 22:25:15,511 [Worker-137] INFO  o.e.m.c.i.embedder.EclipseLogger - Using 'UTF-8' encoding to copy filtered resources.
2018-12-13 22:25:15,512 [Worker-137] INFO  o.e.m.c.i.embedder.EclipseLogger - Copying 1 resource
2018-12-13 22:25:58,614 [Worker-130] INFO  o.e.m.c.i.embedder.EclipseLogger - Using 'UTF-8' encoding to copy filtered resources.
2018-12-13 22:25:58,615 [Worker-130] INFO  o.e.m.c.i.embedder.EclipseLogger - Copying 0 resource
2018-12-13 22:25:58,617 [Worker-130] INFO  o.e.m.c.i.embedder.EclipseLogger - Using 'UTF-8' encoding to copy filtered resources.
2018-12-13 22:25:58,618 [Worker-130] INFO  o.e.m.c.i.embedder.EclipseLogger - Copying 1 resource
2018-12-13 22:29:53,190 [Worker-135] INFO  o.e.m.c.i.embedder.EclipseLogger - Using 'UTF-8' encoding to copy filtered resources.
2018-12-13 22:29:53,191 [Worker-135] INFO  o.e.m.c.i.embedder.EclipseLogger - Copying 0 resource
2018-12-13 22:29:53,194 [Worker-135] INFO  o.e.m.c.i.embedder.EclipseLogger - Using 'UTF-8' encoding to copy filtered resources.
2018-12-13 22:29:53,195 [Worker-135] INFO  o.e.m.c.i.embedder.EclipseLogger - Copying 1 resource
2018-12-13 22:36:21,646 [Worker-142] INFO  o.e.m.c.i.p.ProjectConfigurationManager - Update started
2018-12-13 22:36:31,433 [Worker-142] INFO  o.e.m.c.i.l.LifecycleMappingFactory - Using org.eclipse.m2e.jdt.JarLifecycleMapping lifecycle mapping for MavenProject: com.emirates:Emirates-Automated-Tests:0.0.1-SNAPSHOT @ C:\Users\USER\Desktop\Emirates\Emirates-Automated-Tests\pom.xml.
2018-12-13 22:36:35,919 [Worker-142] INFO  o.e.m.j.i.AbstractJavaProjectConfigurator - Adding source folder /Emirates-Automated-Tests/src/main/java
2018-12-13 22:36:35,920 [Worker-142] INFO  o.e.m.j.i.AbstractJavaProjectConfigurator - Adding resource folder /Emirates-Automated-Tests/src/main/resources
2018-12-13 22:36:35,921 [Worker-142] INFO  o.e.m.j.i.AbstractJavaProjectConfigurator - Adding source folder /Emirates-Automated-Tests/src/test/java
2018-12-13 22:36:35,922 [Worker-142] INFO  o.e.m.j.i.AbstractJavaProjectConfigurator - Adding resource folder /Emirates-Automated-Tests/src/test/resources
2018-12-13 22:36:36,374 [Worker-142] INFO  o.e.m.c.i.p.ProjectConfigurationManager - Update completed: 14 sec
2018-12-13 22:36:37,461 [Worker-147] INFO  o.e.m.c.i.embedder.EclipseLogger - Using 'UTF-8' encoding to copy filtered resources.
2018-12-13 22:36:37,462 [Worker-147] INFO  o.e.m.c.i.embedder.EclipseLogger - Copying 1 resource
2018-12-13 22:36:37,487 [Worker-147] INFO  o.e.m.c.i.embedder.EclipseLogger - Using 'UTF-8' encoding to copy filtered resources.
2018-12-13 22:36:37,488 [Worker-147] INFO  o.e.m.c.i.embedder.EclipseLogger - Copying 1 resource
2018-12-13 22:37:09,491 [Worker-142] INFO  o.e.m.c.i.embedder.EclipseLogger - Using 'UTF-8' encoding to copy filtered resources.
2018-12-13 22:37:09,495 [Worker-142] INFO  o.e.m.c.i.embedder.EclipseLogger - Copying 0 resource
2018-12-13 22:37:09,497 [Worker-142] INFO  o.e.m.c.i.embedder.EclipseLogger - Using 'UTF-8' encoding to copy filtered resources.
2018-12-13 22:37:09,498 [Worker-142] INFO  o.e.m.c.i.embedder.EclipseLogger - Copying 1 resource
2018-12-13 22:39:42,331 [Worker-149] INFO  o.e.m.c.i.embedder.EclipseLogger - Using 'UTF-8' encoding to copy filtered resources.
2018-12-13 22:39:42,331 [Worker-149] INFO  o.e.m.c.i.embedder.EclipseLogger - Copying 0 resource
2018-12-13 22:39:42,333 [Worker-149] INFO  o.e.m.c.i.embedder.EclipseLogger - Using 'UTF-8' encoding to copy filtered resources.
2018-12-13 22:39:42,334 [Worker-149] INFO  o.e.m.c.i.embedder.EclipseLogger - Copying 1 resource
2018-12-13 22:47:49,569 [Worker-159] INFO  o.e.m.c.i.embedder.EclipseLogger - Using 'UTF-8' encoding to copy filtered resources.
2018-12-13 22:47:49,570 [Worker-159] INFO  o.e.m.c.i.embedder.EclipseLogger - Copying 1 resource
2018-12-13 22:47:49,571 [Worker-159] INFO  o.e.m.c.i.embedder.EclipseLogger - Using 'UTF-8' encoding to copy filtered resources.
2018-12-13 22:47:49,572 [Worker-159] INFO  o.e.m.c.i.embedder.EclipseLogger - Copying 0 resource
2018-12-13 22:50:20,576 [Worker-155] INFO  o.e.m.c.i.embedder.EclipseLogger - Using 'UTF-8' encoding to copy filtered resources.
2018-12-13 22:50:20,576 [Worker-155] INFO  o.e.m.c.i.embedder.EclipseLogger - Copying 1 resource
2018-12-13 22:50:20,578 [Worker-155] INFO  o.e.m.c.i.embedder.EclipseLogger - Using 'UTF-8' encoding to copy filtered resources.
2018-12-13 22:50:20,578 [Worker-155] INFO  o.e.m.c.i.embedder.EclipseLogger - Copying 0 resource
2018-12-13 22:51:24,837 [Worker-160] INFO  o.e.m.c.i.embedder.EclipseLogger - Using 'UTF-8' encoding to copy filtered resources.
2018-12-13 22:51:24,838 [Worker-160] INFO  o.e.m.c.i.embedder.EclipseLogger - Copying 1 resource
2018-12-13 22:51:24,839 [Worker-160] INFO  o.e.m.c.i.embedder.EclipseLogger - Using 'UTF-8' encoding to copy filtered resources.
2018-12-13 22:51:24,839 [Worker-160] INFO  o.e.m.c.i.embedder.EclipseLogger - Copying 0 resource
2018-12-13 22:52:13,673 [Worker-155] INFO  o.e.m.c.i.embedder.EclipseLogger - Using 'UTF-8' encoding to copy filtered resources.
2018-12-13 22:52:13,673 [Worker-155] INFO  o.e.m.c.i.embedder.EclipseLogger - Copying 1 resource
2018-12-13 22:52:13,675 [Worker-155] INFO  o.e.m.c.i.embedder.EclipseLogger - Using 'UTF-8' encoding to copy filtered resources.
2018-12-13 22:52:13,676 [Worker-155] INFO  o.e.m.c.i.embedder.EclipseLogger - Copying 0 resource
2018-12-13 22:54:07,849 [Worker-160] INFO  o.e.m.c.i.embedder.EclipseLogger - Using 'UTF-8' encoding to copy filtered resources.
2018-12-13 22:54:07,852 [Worker-160] INFO  o.e.m.c.i.embedder.EclipseLogger - Copying 1 resource
2018-12-13 22:54:07,858 [Worker-160] INFO  o.e.m.c.i.embedder.EclipseLogger - Using 'UTF-8' encoding to copy filtered resources.
2018-12-13 22:54:07,859 [Worker-160] INFO  o.e.m.c.i.embedder.EclipseLogger - Copying 0 resource
2018-12-13 22:55:41,562 [Worker-164] INFO  o.e.m.c.i.embedder.EclipseLogger - Using 'UTF-8' encoding to copy filtered resources.
2018-12-13 22:55:41,563 [Worker-164] INFO  o.e.m.c.i.embedder.EclipseLogger - Copying 1 resource
2018-12-13 22:55:41,565 [Worker-164] INFO  o.e.m.c.i.embedder.EclipseLogger - Using 'UTF-8' encoding to copy filtered resources.
2018-12-13 22:55:41,565 [Worker-164] INFO  o.e.m.c.i.embedder.EclipseLogger - Copying 0 resource
2018-12-13 22:55:59,290 [Worker-164] INFO  o.e.m.c.i.embedder.EclipseLogger - Using 'UTF-8' encoding to copy filtered resources.
2018-12-13 22:55:59,291 [Worker-164] INFO  o.e.m.c.i.embedder.EclipseLogger - Copying 1 resource
2018-12-13 22:55:59,293 [Worker-164] INFO  o.e.m.c.i.embedder.EclipseLogger - Using 'UTF-8' encoding to copy filtered resources.
2018-12-13 22:55:59,293 [Worker-164] INFO  o.e.m.c.i.embedder.EclipseLogger - Copying 0 resource
2018-12-13 22:56:24,181 [Worker-164] INFO  o.e.m.c.i.embedder.EclipseLogger - Using 'UTF-8' encoding to copy filtered resources.
2018-12-13 22:56:24,182 [Worker-164] INFO  o.e.m.c.i.embedder.EclipseLogger - Copying 1 resource
2018-12-13 22:56:24,184 [Worker-164] INFO  o.e.m.c.i.embedder.EclipseLogger - Using 'UTF-8' encoding to copy filtered resources.
2018-12-13 22:56:24,184 [Worker-164] INFO  o.e.m.c.i.embedder.EclipseLogger - Copying 0 resource
2018-12-13 22:56:42,302 [Worker-155] INFO  o.e.m.c.i.embedder.EclipseLogger - Using 'UTF-8' encoding to copy filtered resources.
2018-12-13 22:56:42,303 [Worker-155] INFO  o.e.m.c.i.embedder.EclipseLogger - Copying 1 resource
2018-12-13 22:56:42,305 [Worker-155] INFO  o.e.m.c.i.embedder.EclipseLogger - Using 'UTF-8' encoding to copy filtered resources.
2018-12-13 22:56:42,305 [Worker-155] INFO  o.e.m.c.i.embedder.EclipseLogger - Copying 0 resource
2018-12-13 22:56:58,403 [Worker-162] INFO  o.e.m.c.i.embedder.EclipseLogger - Using 'UTF-8' encoding to copy filtered resources.
2018-12-13 22:56:58,404 [Worker-162] INFO  o.e.m.c.i.embedder.EclipseLogger - Copying 1 resource
2018-12-13 22:56:58,406 [Worker-162] INFO  o.e.m.c.i.embedder.EclipseLogger - Using 'UTF-8' encoding to copy filtered resources.
2018-12-13 22:56:58,407 [Worker-162] INFO  o.e.m.c.i.embedder.EclipseLogger - Copying 0 resource
2018-12-13 22:59:42,563 [Worker-155] INFO  o.e.m.c.i.embedder.EclipseLogger - Using 'UTF-8' encoding to copy filtered resources.
2018-12-13 22:59:42,564 [Worker-155] INFO  o.e.m.c.i.embedder.EclipseLogger - Copying 1 resource
2018-12-13 22:59:42,565 [Worker-155] INFO  o.e.m.c.i.embedder.EclipseLogger - Using 'UTF-8' encoding to copy filtered resources.
2018-12-13 22:59:42,567 [Worker-155] INFO  o.e.m.c.i.embedder.EclipseLogger - Copying 0 resource
2018-12-13 23:00:40,276 [Worker-166] INFO  o.e.m.c.i.embedder.EclipseLogger - Using 'UTF-8' encoding to copy filtered resources.
2018-12-13 23:00:40,277 [Worker-166] INFO  o.e.m.c.i.embedder.EclipseLogger - Copying 1 resource
2018-12-13 23:00:40,278 [Worker-166] INFO  o.e.m.c.i.embedder.EclipseLogger - Using 'UTF-8' encoding to copy filtered resources.
2018-12-13 23:00:40,278 [Worker-166] INFO  o.e.m.c.i.embedder.EclipseLogger - Copying 0 resource
2018-12-13 23:01:13,396 [Worker-162] INFO  o.e.m.c.i.embedder.EclipseLogger - Using 'UTF-8' encoding to copy filtered resources.
2018-12-13 23:01:13,397 [Worker-162] INFO  o.e.m.c.i.embedder.EclipseLogger - Copying 1 resource
2018-12-13 23:01:13,401 [Worker-162] INFO  o.e.m.c.i.embedder.EclipseLogger - Using 'UTF-8' encoding to copy filtered resources.
2018-12-13 23:01:13,401 [Worker-162] INFO  o.e.m.c.i.embedder.EclipseLogger - Copying 0 resource
2018-12-15 09:42:33,216 [Worker-185] INFO  o.e.m.c.i.embedder.EclipseLogger - Using 'UTF-8' encoding to copy filtered resources.
2018-12-15 09:42:33,217 [Worker-185] INFO  o.e.m.c.i.embedder.EclipseLogger - Copying 1 resource
2018-12-15 09:42:33,218 [Worker-185] INFO  o.e.m.c.i.embedder.EclipseLogger - Using 'UTF-8' encoding to copy filtered resources.
2018-12-15 09:42:33,218 [Worker-185] INFO  o.e.m.c.i.embedder.EclipseLogger - Copying 0 resource
2018-12-15 09:42:42,081 [Worker-187] INFO  o.e.m.c.i.embedder.EclipseLogger - Using 'UTF-8' encoding to copy filtered resources.
2018-12-15 09:42:42,082 [Worker-187] INFO  o.e.m.c.i.embedder.EclipseLogger - Copying 1 resource
2018-12-15 09:42:42,085 [Worker-187] INFO  o.e.m.c.i.embedder.EclipseLogger - Using 'UTF-8' encoding to copy filtered resources.
2018-12-15 09:42:42,086 [Worker-187] INFO  o.e.m.c.i.embedder.EclipseLogger - Copying 0 resource
2018-12-15 09:43:12,680 [Worker-183] INFO  o.e.m.c.i.embedder.EclipseLogger - Using 'UTF-8' encoding to copy filtered resources.
2018-12-15 09:43:12,681 [Worker-183] INFO  o.e.m.c.i.embedder.EclipseLogger - Copying 1 resource
2018-12-15 09:43:12,683 [Worker-183] INFO  o.e.m.c.i.embedder.EclipseLogger - Using 'UTF-8' encoding to copy filtered resources.
2018-12-15 09:43:12,683 [Worker-183] INFO  o.e.m.c.i.embedder.EclipseLogger - Copying 0 resource
2018-12-15 09:49:28,922 [Worker-190] INFO  o.e.m.c.i.embedder.EclipseLogger - Using 'UTF-8' encoding to copy filtered resources.
2018-12-15 09:49:28,924 [Worker-190] INFO  o.e.m.c.i.embedder.EclipseLogger - Copying 1 resource
2018-12-15 09:49:28,928 [Worker-190] INFO  o.e.m.c.i.embedder.EclipseLogger - Using 'UTF-8' encoding to copy filtered resources.
2018-12-15 09:49:28,929 [Worker-190] INFO  o.e.m.c.i.embedder.EclipseLogger - Copying 0 resource
2018-12-15 09:56:35,126 [Worker-192] INFO  o.e.m.c.i.embedder.EclipseLogger - Using 'UTF-8' encoding to copy filtered resources.
2018-12-15 09:56:35,127 [Worker-192] INFO  o.e.m.c.i.embedder.EclipseLogger - Copying 1 resource
2018-12-15 09:56:35,128 [Worker-192] INFO  o.e.m.c.i.embedder.EclipseLogger - Using 'UTF-8' encoding to copy filtered resources.
2018-12-15 09:56:35,128 [Worker-192] INFO  o.e.m.c.i.embedder.EclipseLogger - Copying 0 resource
2018-12-15 09:58:57,900 [Worker-192] INFO  o.e.m.c.i.embedder.EclipseLogger - Using 'UTF-8' encoding to copy filtered resources.
2018-12-15 09:58:57,901 [Worker-192] INFO  o.e.m.c.i.embedder.EclipseLogger - Copying 1 resource
2018-12-15 09:58:57,903 [Worker-192] INFO  o.e.m.c.i.embedder.EclipseLogger - Using 'UTF-8' encoding to copy filtered resources.
2018-12-15 09:58:57,903 [Worker-192] INFO  o.e.m.c.i.embedder.EclipseLogger - Copying 0 resource
2018-12-15 09:59:10,840 [Worker-197] INFO  o.e.m.c.i.embedder.EclipseLogger - Using 'UTF-8' encoding to copy filtered resources.
2018-12-15 09:59:10,842 [Worker-197] INFO  o.e.m.c.i.embedder.EclipseLogger - Copying 1 resource
2018-12-15 09:59:10,846 [Worker-197] INFO  o.e.m.c.i.embedder.EclipseLogger - Using 'UTF-8' encoding to copy filtered resources.
2018-12-15 09:59:10,847 [Worker-197] INFO  o.e.m.c.i.embedder.EclipseLogger - Copying 0 resource
2018-12-15 09:59:54,226 [Worker-198] INFO  o.e.m.c.i.embedder.EclipseLogger - Using 'UTF-8' encoding to copy filtered resources.
2018-12-15 09:59:54,226 [Worker-198] INFO  o.e.m.c.i.embedder.EclipseLogger - Copying 1 resource
2018-12-15 09:59:54,227 [Worker-198] INFO  o.e.m.c.i.embedder.EclipseLogger - Using 'UTF-8' encoding to copy filtered resources.
2018-12-15 09:59:54,228 [Worker-198] INFO  o.e.m.c.i.embedder.EclipseLogger - Copying 0 resource
2018-12-15 10:00:17,742 [Worker-200] INFO  o.e.m.c.i.embedder.EclipseLogger - Using 'UTF-8' encoding to copy filtered resources.
2018-12-15 10:00:17,742 [Worker-200] INFO  o.e.m.c.i.embedder.EclipseLogger - Copying 1 resource
2018-12-15 10:00:17,744 [Worker-200] INFO  o.e.m.c.i.embedder.EclipseLogger - Using 'UTF-8' encoding to copy filtered resources.
2018-12-15 10:00:17,744 [Worker-200] INFO  o.e.m.c.i.embedder.EclipseLogger - Copying 0 resource
2018-12-15 10:00:35,741 [Worker-192] INFO  o.e.m.c.i.embedder.EclipseLogger - Using 'UTF-8' encoding to copy filtered resources.
2018-12-15 10:00:35,742 [Worker-192] INFO  o.e.m.c.i.embedder.EclipseLogger - Copying 1 resource
2018-12-15 10:00:35,745 [Worker-192] INFO  o.e.m.c.i.embedder.EclipseLogger - Using 'UTF-8' encoding to copy filtered resources.
2018-12-15 10:00:35,746 [Worker-192] INFO  o.e.m.c.i.embedder.EclipseLogger - Copying 0 resource
2018-12-15 10:02:01,263 [Worker-193] INFO  o.e.m.c.i.embedder.EclipseLogger - Using 'UTF-8' encoding to copy filtered resources.
2018-12-15 10:02:01,264 [Worker-193] INFO  o.e.m.c.i.embedder.EclipseLogger - Copying 1 resource
2018-12-15 10:02:01,265 [Worker-193] INFO  o.e.m.c.i.embedder.EclipseLogger - Using 'UTF-8' encoding to copy filtered resources.
2018-12-15 10:02:01,266 [Worker-193] INFO  o.e.m.c.i.embedder.EclipseLogger - Copying 0 resource
2018-12-15 10:05:57,903 [Worker-194] INFO  o.e.m.c.i.embedder.EclipseLogger - Using 'UTF-8' encoding to copy filtered resources.
2018-12-15 10:05:57,904 [Worker-194] INFO  o.e.m.c.i.embedder.EclipseLogger - Copying 1 resource
2018-12-15 10:05:57,907 [Worker-194] INFO  o.e.m.c.i.embedder.EclipseLogger - Using 'UTF-8' encoding to copy filtered resources.
2018-12-15 10:05:57,907 [Worker-194] INFO  o.e.m.c.i.embedder.EclipseLogger - Copying 0 resource
2018-12-15 10:06:45,904 [Worker-194] INFO  o.e.m.c.i.embedder.EclipseLogger - Using 'UTF-8' encoding to copy filtered resources.
2018-12-15 10:06:45,905 [Worker-194] INFO  o.e.m.c.i.embedder.EclipseLogger - Copying 1 resource
2018-12-15 10:06:45,906 [Worker-194] INFO  o.e.m.c.i.embedder.EclipseLogger - Using 'UTF-8' encoding to copy filtered resources.
2018-12-15 10:06:45,906 [Worker-194] INFO  o.e.m.c.i.embedder.EclipseLogger - Copying 0 resource
2018-12-15 10:07:01,335 [Worker-209] INFO  o.e.m.c.i.embedder.EclipseLogger - Using 'UTF-8' encoding to copy filtered resources.
2018-12-15 10:07:01,336 [Worker-209] INFO  o.e.m.c.i.embedder.EclipseLogger - Copying 1 resource
2018-12-15 10:07:01,338 [Worker-209] INFO  o.e.m.c.i.embedder.EclipseLogger - Using 'UTF-8' encoding to copy filtered resources.
2018-12-15 10:07:01,338 [Worker-209] INFO  o.e.m.c.i.embedder.EclipseLogger - Copying 0 resource
2018-12-15 10:07:13,699 [Worker-209] INFO  o.e.m.c.i.embedder.EclipseLogger - Using 'UTF-8' encoding to copy filtered resources.
2018-12-15 10:07:13,700 [Worker-209] INFO  o.e.m.c.i.embedder.EclipseLogger - Copying 1 resource
2018-12-15 10:07:13,704 [Worker-209] INFO  o.e.m.c.i.embedder.EclipseLogger - Using 'UTF-8' encoding to copy filtered resources.
2018-12-15 10:07:13,704 [Worker-209] INFO  o.e.m.c.i.embedder.EclipseLogger - Copying 0 resource
2018-12-15 10:07:17,433 [Worker-207] INFO  o.e.m.c.i.embedder.EclipseLogger - Using 'UTF-8' encoding to copy filtered resources.
2018-12-15 10:07:17,434 [Worker-207] INFO  o.e.m.c.i.embedder.EclipseLogger - Copying 1 resource
2018-12-15 10:07:17,436 [Worker-207] INFO  o.e.m.c.i.embedder.EclipseLogger - Using 'UTF-8' encoding to copy filtered resources.
2018-12-15 10:07:17,437 [Worker-207] INFO  o.e.m.c.i.embedder.EclipseLogger - Copying 0 resource
2018-12-15 10:28:36,690 [Worker-216] INFO  o.e.m.c.i.embedder.EclipseLogger - Using 'UTF-8' encoding to copy filtered resources.
2018-12-15 10:28:36,690 [Worker-216] INFO  o.e.m.c.i.embedder.EclipseLogger - Copying 1 resource
2018-12-15 10:28:36,690 [Worker-216] INFO  o.e.m.c.i.embedder.EclipseLogger - Using 'UTF-8' encoding to copy filtered resources.
2018-12-15 10:28:36,690 [Worker-216] INFO  o.e.m.c.i.embedder.EclipseLogger - Copying 0 resource
2018-12-15 10:38:40,057 [Worker-222] INFO  o.e.m.c.i.embedder.EclipseLogger - Using 'UTF-8' encoding to copy filtered resources.
2018-12-15 10:38:40,057 [Worker-222] INFO  o.e.m.c.i.embedder.EclipseLogger - Copying 1 resource
2018-12-15 10:38:40,065 [Worker-222] INFO  o.e.m.c.i.embedder.EclipseLogger - Using 'UTF-8' encoding to copy filtered resources.
2018-12-15 10:38:40,066 [Worker-222] INFO  o.e.m.c.i.embedder.EclipseLogger - Copying 0 resource
2018-12-15 10:39:16,490 [Worker-224] INFO  o.e.m.c.i.embedder.EclipseLogger - Using 'UTF-8' encoding to copy filtered resources.
2018-12-15 10:39:16,491 [Worker-224] INFO  o.e.m.c.i.embedder.EclipseLogger - Copying 1 resource
2018-12-15 10:39:16,492 [Worker-224] INFO  o.e.m.c.i.embedder.EclipseLogger - Using 'UTF-8' encoding to copy filtered resources.
2018-12-15 10:39:16,492 [Worker-224] INFO  o.e.m.c.i.embedder.EclipseLogger - Copying 0 resource
2018-12-15 10:41:14,482 [Worker-224] INFO  o.e.m.c.i.embedder.EclipseLogger - Using 'UTF-8' encoding to copy filtered resources.
2018-12-15 10:41:14,483 [Worker-224] INFO  o.e.m.c.i.embedder.EclipseLogger - Copying 1 resource
2018-12-15 10:41:14,484 [Worker-224] INFO  o.e.m.c.i.embedder.EclipseLogger - Using 'UTF-8' encoding to copy filtered resources.
2018-12-15 10:41:14,485 [Worker-224] INFO  o.e.m.c.i.embedder.EclipseLogger - Copying 0 resource
2018-12-15 10:42:19,546 [Worker-223] INFO  o.e.m.c.i.embedder.EclipseLogger - Using 'UTF-8' encoding to copy filtered resources.
2018-12-15 10:42:19,547 [Worker-223] INFO  o.e.m.c.i.embedder.EclipseLogger - Copying 1 resource
2018-12-15 10:42:19,548 [Worker-223] INFO  o.e.m.c.i.embedder.EclipseLogger - Using 'UTF-8' encoding to copy filtered resources.
2018-12-15 10:42:19,549 [Worker-223] INFO  o.e.m.c.i.embedder.EclipseLogger - Copying 0 resource
2018-12-15 10:43:46,969 [Worker-226] INFO  o.e.m.c.i.embedder.EclipseLogger - Using 'UTF-8' encoding to copy filtered resources.
2018-12-15 10:43:46,970 [Worker-226] INFO  o.e.m.c.i.embedder.EclipseLogger - Copying 0 resource
2018-12-15 10:43:46,973 [Worker-226] INFO  o.e.m.c.i.embedder.EclipseLogger - Using 'UTF-8' encoding to copy filtered resources.
2018-12-15 10:43:46,974 [Worker-226] INFO  o.e.m.c.i.embedder.EclipseLogger - Copying 1 resource
2018-12-15 10:50:43,294 [Worker-224] INFO  o.e.m.c.i.embedder.EclipseLogger - Using 'UTF-8' encoding to copy filtered resources.
2018-12-15 10:50:43,295 [Worker-224] INFO  o.e.m.c.i.embedder.EclipseLogger - Copying 1 resource
2018-12-15 10:50:43,297 [Worker-224] INFO  o.e.m.c.i.embedder.EclipseLogger - Using 'UTF-8' encoding to copy filtered resources.
2018-12-15 10:50:43,297 [Worker-224] INFO  o.e.m.c.i.embedder.EclipseLogger - Copying 0 resource
2018-12-15 10:54:17,638 [Worker-223] INFO  o.e.m.c.i.embedder.EclipseLogger - Using 'UTF-8' encoding to copy filtered resources.
2018-12-15 10:54:17,639 [Worker-223] INFO  o.e.m.c.i.embedder.EclipseLogger - Copying 1 resource
2018-12-15 10:54:17,640 [Worker-223] INFO  o.e.m.c.i.embedder.EclipseLogger - Using 'UTF-8' encoding to copy filtered resources.
2018-12-15 10:54:17,640 [Worker-223] INFO  o.e.m.c.i.embedder.EclipseLogger - Copying 0 resource
2018-12-15 10:54:54,249 [Worker-230] INFO  o.e.m.c.i.embedder.EclipseLogger - Using 'UTF-8' encoding to copy filtered resources.
2018-12-15 10:54:54,249 [Worker-230] INFO  o.e.m.c.i.embedder.EclipseLogger - Copying 1 resource
2018-12-15 10:54:54,250 [Worker-230] INFO  o.e.m.c.i.embedder.EclipseLogger - Using 'UTF-8' encoding to copy filtered resources.
2018-12-15 10:54:54,250 [Worker-230] INFO  o.e.m.c.i.embedder.EclipseLogger - Copying 0 resource
2018-12-15 10:57:18,564 [Worker-224] INFO  o.e.m.c.i.embedder.EclipseLogger - Using 'UTF-8' encoding to copy filtered resources.
2018-12-15 10:57:18,566 [Worker-224] INFO  o.e.m.c.i.embedder.EclipseLogger - Copying 1 resource
2018-12-15 10:57:18,571 [Worker-224] INFO  o.e.m.c.i.embedder.EclipseLogger - Using 'UTF-8' encoding to copy filtered resources.
2018-12-15 10:57:18,572 [Worker-224] INFO  o.e.m.c.i.embedder.EclipseLogger - Copying 1 resource
2018-12-15 10:58:13,333 [Worker-233] INFO  o.e.m.c.i.embedder.EclipseLogger - Using 'UTF-8' encoding to copy filtered resources.
2018-12-15 10:58:13,334 [Worker-233] INFO  o.e.m.c.i.embedder.EclipseLogger - Copying 1 resource
2018-12-15 10:58:13,335 [Worker-233] INFO  o.e.m.c.i.embedder.EclipseLogger - Using 'UTF-8' encoding to copy filtered resources.
2018-12-15 10:58:13,335 [Worker-233] INFO  o.e.m.c.i.embedder.EclipseLogger - Copying 1 resource
2018-12-15 10:58:25,772 [Worker-232] INFO  o.e.m.c.i.embedder.EclipseLogger - Using 'UTF-8' encoding to copy filtered resources.
2018-12-15 10:58:25,773 [Worker-232] INFO  o.e.m.c.i.embedder.EclipseLogger - Copying 0 resource
2018-12-15 10:58:25,773 [Worker-232] INFO  o.e.m.c.i.embedder.EclipseLogger - Using 'UTF-8' encoding to copy filtered resources.
2018-12-15 10:58:25,774 [Worker-232] INFO  o.e.m.c.i.embedder.EclipseLogger - Copying 1 resource
2018-12-15 11:33:24,346 [Worker-241] INFO  o.e.m.c.i.embedder.EclipseLogger - Using 'UTF-8' encoding to copy filtered resources.
2018-12-15 11:33:24,385 [Worker-241] INFO  o.e.m.c.i.embedder.EclipseLogger - Copying 0 resource
2018-12-15 11:33:24,387 [Worker-241] INFO  o.e.m.c.i.embedder.EclipseLogger - Using 'UTF-8' encoding to copy filtered resources.
2018-12-15 11:33:24,389 [Worker-241] INFO  o.e.m.c.i.embedder.EclipseLogger - Copying 1 resource
2018-12-15 11:33:28,606 [Worker-245] INFO  o.e.m.c.i.embedder.EclipseLogger - Using 'UTF-8' encoding to copy filtered resources.
2018-12-15 11:33:28,607 [Worker-245] INFO  o.e.m.c.i.embedder.EclipseLogger - Copying 0 resource
2018-12-15 11:33:28,609 [Worker-245] INFO  o.e.m.c.i.embedder.EclipseLogger - Using 'UTF-8' encoding to copy filtered resources.
2018-12-15 11:33:28,610 [Worker-245] INFO  o.e.m.c.i.embedder.EclipseLogger - Copying 1 resource
2018-12-15 11:34:14,153 [Worker-245] INFO  o.e.m.c.i.embedder.EclipseLogger - Using 'UTF-8' encoding to copy filtered resources.
2018-12-15 11:34:14,154 [Worker-245] INFO  o.e.m.c.i.embedder.EclipseLogger - Copying 0 resource
2018-12-15 11:34:14,156 [Worker-245] INFO  o.e.m.c.i.embedder.EclipseLogger - Using 'UTF-8' encoding to copy filtered resources.
2018-12-15 11:34:14,157 [Worker-245] INFO  o.e.m.c.i.embedder.EclipseLogger - Copying 1 resource
2018-12-15 11:34:31,472 [Worker-241] INFO  o.e.m.c.i.embedder.EclipseLogger - Using 'UTF-8' encoding to copy filtered resources.
2018-12-15 11:34:31,485 [Worker-241] INFO  o.e.m.c.i.embedder.EclipseLogger - Copying 1 resource
2018-12-15 11:34:31,488 [Worker-241] INFO  o.e.m.c.i.embedder.EclipseLogger - Using 'UTF-8' encoding to copy filtered resources.
2018-12-15 11:34:31,489 [Worker-241] INFO  o.e.m.c.i.embedder.EclipseLogger - Copying 0 resource
2018-12-15 11:34:49,218 [Worker-244] INFO  o.e.m.c.i.embedder.EclipseLogger - Using 'UTF-8' encoding to copy filtered resources.
2018-12-15 11:34:49,220 [Worker-244] INFO  o.e.m.c.i.embedder.EclipseLogger - Copying 1 resource
2018-12-15 11:34:49,222 [Worker-244] INFO  o.e.m.c.i.embedder.EclipseLogger - Using 'UTF-8' encoding to copy filtered resources.
2018-12-15 11:34:49,223 [Worker-244] INFO  o.e.m.c.i.embedder.EclipseLogger - Copying 0 resource
2018-12-15 11:34:52,852 [Worker-244] INFO  o.e.m.c.i.embedder.EclipseLogger - Using 'UTF-8' encoding to copy filtered resources.
2018-12-15 11:34:52,854 [Worker-244] INFO  o.e.m.c.i.embedder.EclipseLogger - Copying 1 resource
2018-12-15 11:34:52,857 [Worker-244] INFO  o.e.m.c.i.embedder.EclipseLogger - Using 'UTF-8' encoding to copy filtered resources.
2018-12-15 11:34:52,858 [Worker-244] INFO  o.e.m.c.i.embedder.EclipseLogger - Copying 0 resource
2018-12-15 11:38:57,855 [Worker-249] INFO  o.e.m.c.i.embedder.EclipseLogger - Using 'UTF-8' encoding to copy filtered resources.
2018-12-15 11:38:57,856 [Worker-249] INFO  o.e.m.c.i.embedder.EclipseLogger - Copying 1 resource
2018-12-15 11:38:57,857 [Worker-249] INFO  o.e.m.c.i.embedder.EclipseLogger - Using 'UTF-8' encoding to copy filtered resources.
2018-12-15 11:38:57,857 [Worker-249] INFO  o.e.m.c.i.embedder.EclipseLogger - Copying 1 resource
2018-12-15 11:39:14,703 [Worker-251] INFO  o.e.m.c.i.embedder.EclipseLogger - Using 'UTF-8' encoding to copy filtered resources.
2018-12-15 11:39:14,704 [Worker-251] INFO  o.e.m.c.i.embedder.EclipseLogger - Copying 0 resource
2018-12-15 11:39:14,705 [Worker-251] INFO  o.e.m.c.i.embedder.EclipseLogger - Using 'UTF-8' encoding to copy filtered resources.
2018-12-15 11:39:14,706 [Worker-251] INFO  o.e.m.c.i.embedder.EclipseLogger - Copying 1 resource
2018-12-15 15:08:20,627 [Worker-282] INFO  o.e.m.c.i.embedder.EclipseLogger - Using 'UTF-8' encoding to copy filtered resources.
2018-12-15 15:08:20,629 [Worker-282] INFO  o.e.m.c.i.embedder.EclipseLogger - Copying 0 resource
2018-12-15 15:08:20,633 [Worker-282] INFO  o.e.m.c.i.embedder.EclipseLogger - Using 'UTF-8' encoding to copy filtered resources.
2018-12-15 15:08:20,635 [Worker-282] INFO  o.e.m.c.i.embedder.EclipseLogger - Copying 1 resource
2018-12-15 15:08:39,041 [Worker-271] INFO  o.e.m.c.i.embedder.EclipseLogger - Using 'UTF-8' encoding to copy filtered resources.
2018-12-15 15:08:39,041 [Worker-271] INFO  o.e.m.c.i.embedder.EclipseLogger - Copying 0 resource
2018-12-15 15:08:39,042 [Worker-271] INFO  o.e.m.c.i.embedder.EclipseLogger - Using 'UTF-8' encoding to copy filtered resources.
2018-12-15 15:08:39,043 [Worker-271] INFO  o.e.m.c.i.embedder.EclipseLogger - Copying 1 resource
2018-12-15 15:09:02,254 [Worker-283] INFO  o.e.m.c.i.embedder.EclipseLogger - Using 'UTF-8' encoding to copy filtered resources.
2018-12-15 15:09:02,254 [Worker-283] INFO  o.e.m.c.i.embedder.EclipseLogger - Copying 0 resource
2018-12-15 15:09:02,256 [Worker-283] INFO  o.e.m.c.i.embedder.EclipseLogger - Using 'UTF-8' encoding to copy filtered resources.
2018-12-15 15:09:02,257 [Worker-283] INFO  o.e.m.c.i.embedder.EclipseLogger - Copying 1 resource
2018-12-15 17:23:13,997 [Worker-288] INFO  o.e.m.c.i.embedder.EclipseLogger - Using 'UTF-8' encoding to copy filtered resources.
2018-12-15 17:23:13,998 [Worker-288] INFO  o.e.m.c.i.embedder.EclipseLogger - Copying 1 resource
2018-12-15 17:23:13,999 [Worker-288] INFO  o.e.m.c.i.embedder.EclipseLogger - Using 'UTF-8' encoding to copy filtered resources.
2018-12-15 17:23:13,999 [Worker-288] INFO  o.e.m.c.i.embedder.EclipseLogger - Copying 0 resource
2018-12-15 17:23:25,009 [Worker-293] INFO  o.e.m.c.i.embedder.EclipseLogger - Using 'UTF-8' encoding to copy filtered resources.
2018-12-15 17:23:25,011 [Worker-293] INFO  o.e.m.c.i.embedder.EclipseLogger - Copying 1 resource
2018-12-15 17:23:25,018 [Worker-293] INFO  o.e.m.c.i.embedder.EclipseLogger - Using 'UTF-8' encoding to copy filtered resources.
2018-12-15 17:23:25,019 [Worker-293] INFO  o.e.m.c.i.embedder.EclipseLogger - Copying 0 resource
2018-12-15 17:27:22,970 [Worker-293] INFO  o.e.m.c.i.embedder.EclipseLogger - Using 'UTF-8' encoding to copy filtered resources.
2018-12-15 17:27:22,971 [Worker-293] INFO  o.e.m.c.i.embedder.EclipseLogger - Copying 1 resource
2018-12-15 17:27:22,972 [Worker-293] INFO  o.e.m.c.i.embedder.EclipseLogger - Using 'UTF-8' encoding to copy filtered resources.
2018-12-15 17:27:22,972 [Worker-293] INFO  o.e.m.c.i.embedder.EclipseLogger - Copying 0 resource
2018-12-15 17:32:28,523 [Worker-294] INFO  o.e.m.c.i.l.LifecycleMappingFactory - Using org.eclipse.m2e.jdt.JarLifecycleMapping lifecycle mapping for MavenProject: com.emirates:Emirates-Automated-Tests:0.0.1-SNAPSHOT @ C:\Users\USER\Desktop\Emirates\Emirates-Automated-Tests\pom.xml.
2018-12-15 17:32:30,631 [Worker-294] INFO  o.e.m.c.i.embedder.EclipseLogger - Using 'UTF-8' encoding to copy filtered resources.
2018-12-15 17:32:30,634 [Worker-294] INFO  o.e.m.c.i.embedder.EclipseLogger - Copying 0 resource
2018-12-15 17:32:30,635 [Worker-294] INFO  o.e.m.c.i.embedder.EclipseLogger - Using 'UTF-8' encoding to copy filtered resources.
2018-12-15 17:32:30,636 [Worker-294] INFO  o.e.m.c.i.embedder.EclipseLogger - Copying 0 resource
